This file contains any messages produced by compilers while
running configure, to aid debugging if configure makes a mistake.

It was created by configure, which was
generated by GNU Autoconf 2.59.  Invocation command line was

  $ /toolchain/openrsdk/rsdk-1.3.6/binutils-2.16/bfd/configure --cache-file=./config.cache --build=i386-pc-linux --host=i386-pc-linux --target=mips-linux --with-gnu-as --with-gnu-ld --with-stabs --prefix=/toolchain/openrsdk/rsdk-1.3.6/release/rsdk-1.3.6/linux/uclibc --disable-nls --disable-werror --enable-multilib --with-float=soft --program-transform-name=s,^,mips-linux-,;  --srcdir=/toolchain/openrsdk/rsdk-1.3.6/binutils-2.16/bfd

## --------- ##
## Platform. ##
## --------- ##

hostname = localhost.localdomain
uname -m = i686
uname -r = 2.6.25-14.fc9.i686
uname -s = Linux
uname -v = #1 SMP Thu May 1 06:28:41 EDT 2008

/usr/bin/uname -p = unknown
/bin/uname -X     = unknown

/bin/arch              = i686
/usr/bin/arch -k       = unknown
/usr/convex/getsysinfo = unknown
hostinfo               = unknown
/bin/machine           = unknown
/usr/bin/oslevel       = unknown
/bin/universe          = unknown

PATH: /toolchain/openrsdk/rsdk-1.3.6/release/rsdk-1.3.6/linux/uclibc/bin
PATH: /sbin
PATH: /usr/sbin
PATH: /bin
PATH: /usr/bin
PATH: /usr/X11R6/bin
PATH: /usr/kerberos/bin
PATH: /usr/local/bin


## ----------- ##
## Core tests. ##
## ----------- ##

configure:1243: creating cache ./config.cache
configure:1356: checking build system type
configure:1374: result: i386-pc-linux-gnu
configure:1382: checking host system type
configure:1396: result: i386-pc-linux-gnu
configure:1404: checking target system type
configure:1418: result: mips-unknown-linux-gnu
configure:1440: checking for i386-pc-linux-gcc
configure:1466: result: gcc
configure:1748: checking for C compiler version
configure:1751: gcc --version </dev/null >&5
gcc (GCC) 4.3.0 20080428 (Red Hat 4.3.0-8)
Copyright (C) 2008 Free Software Foundation, Inc.
This is free software; see the source for copying conditions.  There is NO
warranty; not even for MERCHANTABILITY or FITNESS FOR A PARTICULAR PURPOSE.

configure:1754: $? = 0
configure:1756: gcc -v </dev/null >&5
Using built-in specs.
Target: i386-redhat-linux
Configured with: ../configure --prefix=/usr --mandir=/usr/share/man --infodir=/usr/share/info --with-bugurl=http://bugzilla.redhat.com/bugzilla --enable-bootstrap --enable-shared --enable-threads=posix --enable-checking=release --with-system-zlib --enable-__cxa_atexit --disable-libunwind-exceptions --enable-languages=c,c++,objc,obj-c++,java,fortran,ada --enable-java-awt=gtk --disable-dssi --enable-plugin --with-java-home=/usr/lib/jvm/java-1.5.0-gcj-1.5.0.0/jre --enable-libgcj-multifile --enable-java-maintainer-mode --with-ecj-jar=/usr/share/java/eclipse-ecj.jar --disable-libjava-multilib --with-cpu=generic --build=i386-redhat-linux
Thread model: posix
gcc version 4.3.0 20080428 (Red Hat 4.3.0-8) (GCC) 
configure:1759: $? = 0
configure:1761: gcc -V </dev/null >&5
gcc: '-V' option must have argument
configure:1764: $? = 1
configure:1787: checking for C compiler default output file name
configure:1790: gcc -O3   conftest.c  >&5
configure:1793: $? = 0
configure:1839: result: a.out
configure:1844: checking whether the C compiler works
configure:1850: ./a.out
configure:1853: $? = 0
configure:1870: result: yes
configure:1877: checking whether we are cross compiling
configure:1879: result: no
configure:1882: checking for suffix of executables
configure:1884: gcc -o conftest -O3   conftest.c  >&5
configure:1887: $? = 0
configure:1912: result: 
configure:1918: checking for suffix of object files
configure:1939: gcc -c -O3  conftest.c >&5
configure:1942: $? = 0
configure:1964: result: o
configure:1968: checking whether we are using the GNU C compiler
configure:1992: gcc -c -O3  conftest.c >&5
configure:1998: $? = 0
configure:2002: test -z 
			 || test ! -s conftest.err
configure:2005: $? = 0
configure:2008: test -s conftest.o
configure:2011: $? = 0
configure:2024: result: yes
configure:2030: checking whether gcc accepts -g
configure:2051: gcc -c -g  conftest.c >&5
configure:2057: $? = 0
configure:2061: test -z 
			 || test ! -s conftest.err
configure:2064: $? = 0
configure:2067: test -s conftest.o
configure:2070: $? = 0
configure:2081: result: yes
configure:2098: checking for gcc option to accept ANSI C
configure:2168: gcc  -c -O3  conftest.c >&5
configure:2174: $? = 0
configure:2178: test -z 
			 || test ! -s conftest.err
configure:2181: $? = 0
configure:2184: test -s conftest.o
configure:2187: $? = 0
configure:2205: result: none needed
configure:2223: gcc -c -O3  conftest.c >&5
conftest.c:2: error: expected '=', ',', ';', 'asm' or '__attribute__' before 'me'
configure:2229: $? = 1
configure: failed program was:
| #ifndef __cplusplus
|   choke me
| #endif
configure:2363: checking for library containing strerror
configure:2393: gcc -o conftest -O3   conftest.c  >&5
configure:2399: $? = 0
configure:2403: test -z 
			 || test ! -s conftest.err
configure:2406: $? = 0
configure:2409: test -s conftest
configure:2412: $? = 0
configure:2482: result: none required
configure:2504: checking for a BSD-compatible install
configure:2559: result: /usr/bin/install -c
configure:2570: checking whether build environment is sane
configure:2613: result: yes
configure:2678: checking for gawk
configure:2694: found /bin/gawk
configure:2704: result: gawk
configure:2714: checking whether make sets $(MAKE)
configure:2734: result: yes
configure:2764: checking for style of include used by make
configure:2792: result: GNU
configure:2968: checking dependency style of gcc
configure:3058: result: none
configure:3080: checking for i386-pc-linux-ar
configure:3106: result: ar
configure:3159: checking for i386-pc-linux-ranlib
configure:3185: result: ranlib
configure:3315: checking for ld used by GCC
configure:3378: result: ld
configure:3387: checking if the linker (ld) is GNU ld
GNU ld version 2.18.50.0.6-2 20080403
configure:3399: result: yes
configure:3404: checking for ld option to reload object files
configure:3411: result: -r
configure:3416: checking for BSD-compatible nm
configure:3452: result: nm
configure:3455: checking whether ln -s works
configure:3459: result: yes
configure:3466: checking how to recognise dependant libraries
configure:3634: result: pass_all
configure:3786: checking for i386-pc-linux-ranlib
configure:3812: result: ranlib
configure:3866: checking for i386-pc-linux-strip
configure:3895: result: no
configure:3904: checking for strip
configure:3920: found /usr/bin/strip
configure:3931: result: strip
configure:4188: loading cache ./config.cache
ce PIC
ltconfig:687:checking that gcc PIC flag -fPIC -DPIC works.
ltconfig:697: gcc -c -O3 -fPIC -DPIC -DPIC  conftest.c 1>&5
ltconfig:749: checking if gcc static flag -static works
ltconfig:758: gcc -o conftest -O3   -static conftest.c  1>&5
ltconfig:780: finding the maximum length of command line arguments
ltconfig:@lineno@: result: 49153
ltconfig:833: checking if gcc supports -c -o file.o
ltconfig:834: gcc -c -O3 -o out/conftest2.o  conftest.c 1>&5
ltconfig:887: checking if gcc supports -fno-rtti -fno-exceptions
ltconfig:888: gcc -c -O3 -fno-rtti -fno-exceptions -c conftest.c  conftest.c 1>&5
ltconfig:1431: checking if global_symbol_pipe works
ltconfig:1432: gcc -c -O3  conftest.c 1>&5
ltconfig:1435: eval "nm conftest.o | sed -n -e 's/^.*[ 	]\([ABCDGISTW][ABCDGISTW]*\)[ 	][ 	]*\(\)\([_A-Za-z][_A-Za-z0-9]*\)$/\1 \2\3 \3/p' > conftest.nm"
ltconfig:1487: gcc -o conftest -O3 -fno-builtin   conftest.c conftstm.o 1>&5
configure:4296: checking whether to enable maintainer-specific portions of Makefiles
configure:4305: result: no
configure:4335: checking whether to install libbfd
configure:4348: result: no
configure:4392: checking for i386-pc-linux-gcc
configure:4418: result: gcc
configure:4700: checking for C compiler version
configure:4703: gcc --version </dev/null >&5
gcc (GCC) 4.3.0 20080428 (Red Hat 4.3.0-8)
Copyright (C) 2008 Free Software Foundation, Inc.
This is free software; see the source for copying conditions.  There is NO
warranty; not even for MERCHANTABILITY or FITNESS FOR A PARTICULAR PURPOSE.

configure:4706: $? = 0
configure:4708: gcc -v </dev/null >&5
Using built-in specs.
Target: i386-redhat-linux
Configured with: ../configure --prefix=/usr --mandir=/usr/share/man --infodir=/usr/share/info --with-bugurl=http://bugzilla.redhat.com/bugzilla --enable-bootstrap --enable-shared --enable-threads=posix --enable-checking=release --with-system-zlib --enable-__cxa_atexit --disable-libunwind-exceptions --enable-languages=c,c++,objc,obj-c++,java,fortran,ada --enable-java-awt=gtk --disable-dssi --enable-plugin --with-java-home=/usr/lib/jvm/java-1.5.0-gcj-1.5.0.0/jre --enable-libgcj-multifile --enable-java-maintainer-mode --with-ecj-jar=/usr/share/java/eclipse-ecj.jar --disable-libjava-multilib --with-cpu=generic --build=i386-redhat-linux
Thread model: posix
gcc version 4.3.0 20080428 (Red Hat 4.3.0-8) (GCC) 
configure:4711: $? = 0
configure:4713: gcc -V </dev/null >&5
gcc: '-V' option must have argument
configure:4716: $? = 1
configure:4719: checking whether we are using the GNU C compiler
configure:4775: result: yes
configure:4781: checking whether gcc accepts -g
configure:4832: result: yes
configure:4849: checking for gcc option to accept ANSI C
configure:4956: result: none needed
configure:4974: gcc -c -O3  conftest.c >&5
conftest.c:2: error: expected '=', ',', ';', 'asm' or '__attribute__' before 'me'
configure:4980: $? = 1
configure: failed program was:
| #ifndef __cplusplus
|   choke me
| #endif
configure:5118: checking for i386-pc-linux-ranlib
configure:5144: result: ranlib
configure:5200: checking how to run the C preprocessor
configure:5235: gcc -E  conftest.c
configure:5241: $? = 0
configure:5273: gcc -E  conftest.c
conftest.c:11:28: error: ac_nonexistent.h: No such file or directory
configure:5279: $? = 1
configure: failed program was:
| /* confdefs.h.  */
| 
| #define PACKAGE_NAME ""
| #define PACKAGE_TARNAME ""
| #define PACKAGE_VERSION ""
| #define PACKAGE_STRING ""
| #define PACKAGE_BUGREPORT ""
| #define PACKAGE "bfd"
| #define VERSION "2.16-1.3.6"
| /* end confdefs.h.  */
| #include <ac_nonexistent.h>
configure:5318: result: gcc -E
configure:5342: gcc -E  conftest.c
configure:5348: $? = 0
configure:5380: gcc -E  conftest.c
conftest.c:11:28: error: ac_nonexistent.h: No such file or directory
configure:5386: $? = 1
configure: failed program was:
| /* confdefs.h.  */
| 
| #define PACKAGE_NAME ""
| #define PACKAGE_TARNAME ""
| #define PACKAGE_VERSION ""
| #define PACKAGE_STRING ""
| #define PACKAGE_BUGREPORT ""
| #define PACKAGE "bfd"
| #define VERSION "2.16-1.3.6"
| /* end confdefs.h.  */
| #include <ac_nonexistent.h>
configure:5430: checking for egrep
configure:5440: result: grep -E
configure:5445: checking for ANSI C header files
configure:5470: gcc -c -O3  conftest.c >&5
configure:5476: $? = 0
configure:5480: test -z 
			 || test ! -s conftest.err
configure:5483: $? = 0
configure:5486: test -s conftest.o
configure:5489: $? = 0
configure:5578: gcc -o conftest -O3   conftest.c  >&5
conftest.c: In function 'main':
conftest.c:28: warning: incompatible implicit declaration of built-in function 'exit'
configure:5581: $? = 0
configure:5583: ./conftest
configure:5586: $? = 0
configure:5601: result: yes
configure:5611: checking for an ANSI C-conforming const
configure:5678: gcc -c -O3  conftest.c >&5
configure:5684: $? = 0
configure:5688: test -z 
			 || test ! -s conftest.err
configure:5691: $? = 0
configure:5694: test -s conftest.o
configure:5697: $? = 0
configure:5708: result: yes
configure:5718: checking for inline
configure:5739: gcc -c -O3  conftest.c >&5
configure:5745: $? = 0
configure:5749: test -z 
			 || test ! -s conftest.err
configure:5752: $? = 0
configure:5755: test -s conftest.o
configure:5758: $? = 0
configure:5770: result: inline
configure:5803: checking for sys/types.h
configure:5819: gcc -c -O3  conftest.c >&5
configure:5825: $? = 0
configure:5829: test -z 
			 || test ! -s conftest.err
configure:5832: $? = 0
configure:5835: test -s conftest.o
configure:5838: $? = 0
configure:5849: result: yes
configure:5803: checking for sys/stat.h
configure:5819: gcc -c -O3  conftest.c >&5
configure:5825: $? = 0
configure:5829: test -z 
			 || test ! -s conftest.err
configure:5832: $? = 0
configure:5835: test -s conftest.o
configure:5838: $? = 0
configure:5849: result: yes
configure:5803: checking for stdlib.h
configure:5819: gcc -c -O3  conftest.c >&5
configure:5825: $? = 0
configure:5829: test -z 
			 || test ! -s conftest.err
configure:5832: $? = 0
configure:5835: test -s conftest.o
configure:5838: $? = 0
configure:5849: result: yes
configure:5803: checking for string.h
configure:5819: gcc -c -O3  conftest.c >&5
configure:5825: $? = 0
configure:5829: test -z 
			 || test ! -s conftest.err
configure:5832: $? = 0
configure:5835: test -s conftest.o
configure:5838: $? = 0
configure:5849: result: yes
configure:5803: checking for memory.h
configure:5819: gcc -c -O3  conftest.c >&5
configure:5825: $? = 0
configure:5829: test -z 
			 || test ! -s conftest.err
configure:5832: $? = 0
configure:5835: test -s conftest.o
configure:5838: $? = 0
configure:5849: result: yes
configure:5803: checking for strings.h
configure:5819: gcc -c -O3  conftest.c >&5
configure:5825: $? = 0
configure:5829: test -z 
			 || test ! -s conftest.err
configure:5832: $? = 0
configure:5835: test -s conftest.o
configure:5838: $? = 0
configure:5849: result: yes
configure:5803: checking for inttypes.h
configure:5819: gcc -c -O3  conftest.c >&5
configure:5825: $? = 0
configure:5829: test -z 
			 || test ! -s conftest.err
configure:5832: $? = 0
configure:5835: test -s conftest.o
configure:5838: $? = 0
configure:5849: result: yes
configure:5803: checking for stdint.h
configure:5819: gcc -c -O3  conftest.c >&5
configure:5825: $? = 0
configure:5829: test -z 
			 || test ! -s conftest.err
configure:5832: $? = 0
configure:5835: test -s conftest.o
configure:5838: $? = 0
configure:5849: result: yes
configure:5803: checking for unistd.h
configure:5819: gcc -c -O3  conftest.c >&5
configure:5825: $? = 0
configure:5829: test -z 
			 || test ! -s conftest.err
configure:5832: $? = 0
configure:5835: test -s conftest.o
configure:5838: $? = 0
configure:5849: result: yes
configure:5861: checking for off_t
configure:5885: gcc -c -O3  conftest.c >&5
configure:5891: $? = 0
configure:5895: test -z 
			 || test ! -s conftest.err
configure:5898: $? = 0
configure:5901: test -s conftest.o
configure:5904: $? = 0
configure:5915: result: yes
configure:5927: checking for size_t
configure:5951: gcc -c -O3  conftest.c >&5
configure:5957: $? = 0
configure:5961: test -z 
			 || test ! -s conftest.err
configure:5964: $? = 0
configure:5967: test -s conftest.o
configure:5970: $? = 0
configure:5981: result: yes
configure:5995: checking for working alloca.h
configure:6016: gcc -o conftest -O3   conftest.c  >&5
configure:6022: $? = 0
configure:6026: test -z 
			 || test ! -s conftest.err
configure:6029: $? = 0
configure:6032: test -s conftest
configure:6035: $? = 0
configure:6047: result: yes
configure:6057: checking for alloca
configure:6098: gcc -o conftest -O3   conftest.c  >&5
configure:6104: $? = 0
configure:6108: test -z 
			 || test ! -s conftest.err
configure:6111: $? = 0
configure:6114: test -s conftest
configure:6117: $? = 0
configure:6129: result: yes
configure:6358: checking for stdlib.h
configure:6363: result: yes
configure:6358: checking for unistd.h
configure:6363: result: yes
configure:6507: checking for getpagesize
configure:6564: gcc -o conftest -O3   conftest.c  >&5
configure:6570: $? = 0
configure:6574: test -z 
			 || test ! -s conftest.err
configure:6577: $? = 0
configure:6580: test -s conftest
configure:6583: $? = 0
configure:6595: result: yes
configure:6605: checking for working mmap
configure:6747: gcc -o conftest -O3   conftest.c  >&5
configure:6750: $? = 0
configure:6752: ./conftest
configure:6755: $? = 0
configure:6769: result: yes
configure:6804: checking argz.h usability
configure:6816: gcc -c -O3  conftest.c >&5
configure:6822: $? = 0
configure:6826: test -z 
			 || test ! -s conftest.err
configure:6829: $? = 0
configure:6832: test -s conftest.o
configure:6835: $? = 0
configure:6845: result: yes
configure:6849: checking argz.h presence
configure:6859: gcc -E  conftest.c
configure:6865: $? = 0
configure:6885: result: yes
configure:6920: checking for argz.h
configure:6927: result: yes
configure:6804: checking limits.h usability
configure:6816: gcc -c -O3  conftest.c >&5
configure:6822: $? = 0
configure:6826: test -z 
			 || test ! -s conftest.err
configure:6829: $? = 0
configure:6832: test -s conftest.o
configure:6835: $? = 0
configure:6845: result: yes
configure:6849: checking limits.h presence
configure:6859: gcc -E  conftest.c
configure:6865: $? = 0
configure:6885: result: yes
configure:6920: checking for limits.h
configure:6927: result: yes
configure:6804: checking locale.h usability
configure:6816: gcc -c -O3  conftest.c >&5
configure:6822: $? = 0
configure:6826: test -z 
			 || test ! -s conftest.err
configure:6829: $? = 0
configure:6832: test -s conftest.o
configure:6835: $? = 0
configure:6845: result: yes
configure:6849: checking locale.h presence
configure:6859: gcc -E  conftest.c
configure:6865: $? = 0
configure:6885: result: yes
configure:6920: checking for locale.h
configure:6927: result: yes
configure:6804: checking nl_types.h usability
configure:6816: gcc -c -O3  conftest.c >&5
configure:6822: $? = 0
configure:6826: test -z 
			 || test ! -s conftest.err
configure:6829: $? = 0
configure:6832: test -s conftest.o
configure:6835: $? = 0
configure:6845: result: yes
configure:6849: checking nl_types.h presence
configure:6859: gcc -E  conftest.c
configure:6865: $? = 0
configure:6885: result: yes
configure:6920: checking for nl_types.h
configure:6927: result: yes
configure:6804: checking malloc.h usability
configure:6816: gcc -c -O3  conftest.c >&5
configure:6822: $? = 0
configure:6826: test -z 
			 || test ! -s conftest.err
configure:6829: $? = 0
configure:6832: test -s conftest.o
configure:6835: $? = 0
configure:6845: result: yes
configure:6849: checking malloc.h presence
configure:6859: gcc -E  conftest.c
configure:6865: $? = 0
configure:6885: result: yes
configure:6920: checking for malloc.h
configure:6927: result: yes
configure:6795: checking for string.h
configure:6800: result: yes
configure:6795: checking for unistd.h
configure:6800: result: yes
configure:6804: checking values.h usability
configure:6816: gcc -c -O3  conftest.c >&5
configure:6822: $? = 0
configure:6826: test -z 
			 || test ! -s conftest.err
configure:6829: $? = 0
configure:6832: test -s conftest.o
configure:6835: $? = 0
configure:6845: result: yes
configure:6849: checking values.h presence
configure:6859: gcc -E  conftest.c
configure:6865: $? = 0
configure:6885: result: yes
configure:6920: checking for values.h
configure:6927: result: yes
configure:6804: checking sys/param.h usability
configure:6816: gcc -c -O3  conftest.c >&5
configure:6822: $? = 0
configure:6826: test -z 
			 || test ! -s conftest.err
configure:6829: $? = 0
configure:6832: test -s conftest.o
configure:6835: $? = 0
configure:6845: result: yes
configure:6849: checking sys/param.h presence
configure:6859: gcc -E  conftest.c
configure:6865: $? = 0
configure:6885: result: yes
configure:6920: checking for sys/param.h
configure:6927: result: yes
configure:6954: checking for getcwd
configure:7011: gcc -o conftest -O3   conftest.c  >&5
configure:7017: $? = 0
configure:7021: test -z 
			 || test ! -s conftest.err
configure:7024: $? = 0
configure:7027: test -s conftest
configure:7030: $? = 0
configure:7042: result: yes
configure:6954: checking for munmap
configure:7011: gcc -o conftest -O3   conftest.c  >&5
configure:7017: $? = 0
configure:7021: test -z 
			 || test ! -s conftest.err
configure:7024: $? = 0
configure:7027: test -s conftest
configure:7030: $? = 0
configure:7042: result: yes
configure:6954: checking for putenv
configure:7011: gcc -o conftest -O3   conftest.c  >&5
configure:7017: $? = 0
configure:7021: test -z 
			 || test ! -s conftest.err
configure:7024: $? = 0
configure:7027: test -s conftest
configure:7030: $? = 0
configure:7042: result: yes
configure:6954: checking for setenv
configure:7011: gcc -o conftest -O3   conftest.c  >&5
configure:7017: $? = 0
configure:7021: test -z 
			 || test ! -s conftest.err
configure:7024: $? = 0
configure:7027: test -s conftest
configure:7030: $? = 0
configure:7042: result: yes
configure:6954: checking for setlocale
configure:7011: gcc -o conftest -O3   conftest.c  >&5
configure:7017: $? = 0
configure:7021: test -z 
			 || test ! -s conftest.err
configure:7024: $? = 0
configure:7027: test -s conftest
configure:7030: $? = 0
configure:7042: result: yes
configure:6954: checking for strchr
configure:7011: gcc -o conftest -O3   conftest.c  >&5
conftest.c:65: warning: conflicting types for built-in function 'strchr'
configure:7017: $? = 0
configure:7021: test -z 
			 || test ! -s conftest.err
configure:7024: $? = 0
configure:7027: test -s conftest
configure:7030: $? = 0
configure:7042: result: yes
configure:6954: checking for strcasecmp
configure:7011: gcc -o conftest -O3   conftest.c  >&5
conftest.c:66: warning: conflicting types for built-in function 'strcasecmp'
configure:7017: $? = 0
configure:7021: test -z 
			 || test ! -s conftest.err
configure:7024: $? = 0
configure:7027: test -s conftest
configure:7030: $? = 0
configure:7042: result: yes
configure:6954: checking for __argz_count
configure:7011: gcc -o conftest -O3   conftest.c  >&5
configure:7017: $? = 0
configure:7021: test -z 
			 || test ! -s conftest.err
configure:7024: $? = 0
configure:7027: test -s conftest
configure:7030: $? = 0
configure:7042: result: yes
configure:6954: checking for __argz_stringify
configure:7011: gcc -o conftest -O3   conftest.c  >&5
configure:7017: $? = 0
configure:7021: test -z 
			 || test ! -s conftest.err
configure:7024: $? = 0
configure:7027: test -s conftest
configure:7030: $? = 0
configure:7042: result: yes
configure:6954: checking for __argz_next
configure:7011: gcc -o conftest -O3   conftest.c  >&5
configure:7017: $? = 0
configure:7021: test -z 
			 || test ! -s conftest.err
configure:7024: $? = 0
configure:7027: test -s conftest
configure:7030: $? = 0
configure:7042: result: yes
configure:7058: checking for stpcpy
configure:7115: gcc -o conftest -O3   conftest.c  >&5
conftest.c:70: warning: conflicting types for built-in function 'stpcpy'
configure:7121: $? = 0
configure:7125: test -z 
			 || test ! -s conftest.err
configure:7128: $? = 0
configure:7131: test -s conftest
configure:7134: $? = 0
configure:7146: result: yes
configure:7166: checking for LC_MESSAGES
configure:7187: gcc -o conftest -O3   conftest.c  >&5
configure:7193: $? = 0
configure:7197: test -z 
			 || test ! -s conftest.err
configure:7200: $? = 0
configure:7203: test -s conftest
configure:7206: $? = 0
configure:7218: result: yes
configure:7228: checking whether NLS is requested
configure:7237: result: no
configure:8275: checking for a BSD-compatible install
configure:8330: result: /usr/bin/install -c
configure:8348: checking for long long
configure:8369: gcc -c -O3  conftest.c >&5
configure:8375: $? = 0
configure:8379: test -z 
			 || test ! -s conftest.err
configure:8382: $? = 0
configure:8385: test -s conftest.o
configure:8388: $? = 0
configure:8400: result: yes
configure:8404: checking size of long long
configure:8429: gcc -c -O3  conftest.c >&5
conftest.c: In function 'main':
conftest.c:56: error: duplicate case value
conftest.c:56: error: previously used here
configure:8435: $? = 1
configure: failed program was:
| /* confdefs.h.  */
| 
| #define PACKAGE_NAME ""
| #define PACKAGE_TARNAME ""
| #define PACKAGE_VERSION ""
| #define PACKAGE_STRING ""
| #define PACKAGE_BUGREPORT ""
| #define PACKAGE "bfd"
| #define VERSION "2.16-1.3.6"
| #define STDC_HEADERS 1
| #define HAVE_SYS_TYPES_H 1
| #define HAVE_SYS_STAT_H 1
| #define HAVE_STDLIB_H 1
| #define HAVE_STRING_H 1
| #define HAVE_MEMORY_H 1
| #define HAVE_STRINGS_H 1
| #define HAVE_INTTYPES_H 1
| #define HAVE_STDINT_H 1
| #define HAVE_UNISTD_H 1
| #define HAVE_ALLOCA_H 1
| #define HAVE_ALLOCA 1
| #define HAVE_STDLIB_H 1
| #define HAVE_UNISTD_H 1
| #define HAVE_GETPAGESIZE 1
| #define HAVE_MMAP 1
| #define HAVE_ARGZ_H 1
| #define HAVE_LIMITS_H 1
| #define HAVE_LOCALE_H 1
| #define HAVE_NL_TYPES_H 1
| #define HAVE_MALLOC_H 1
| #define HAVE_STRING_H 1
| #define HAVE_UNISTD_H 1
| #define HAVE_VALUES_H 1
| #define HAVE_SYS_PARAM_H 1
| #define HAVE_GETCWD 1
| #define HAVE_MUNMAP 1
| #define HAVE_PUTENV 1
| #define HAVE_SETENV 1
| #define HAVE_SETLOCALE 1
| #define HAVE_STRCHR 1
| #define HAVE_STRCASECMP 1
| #define HAVE___ARGZ_COUNT 1
| #define HAVE___ARGZ_STRINGIFY 1
| #define HAVE___ARGZ_NEXT 1
| #define HAVE_STPCPY 1
| #define HAVE_STPCPY 1
| #define HAVE_LC_MESSAGES 1
| /* end confdefs.h.  */
| #include "confdefs.h"
| #include <sys/types.h>
| 
| 
| int
| main ()
| {
| switch (0) case 0: case (sizeof (long long) == 4):;
|   ;
|   return 0;
| }
configure:8429: gcc -c -O3  conftest.c >&5
configure:8435: $? = 0
configure:8439: test -z 
			 || test ! -s conftest.err
configure:8442: $? = 0
configure:8445: test -s conftest.o
configure:8448: $? = 0
configure:8467: result: 8
configure:8477: checking size of long
configure:8502: gcc -c -O3  conftest.c >&5
configure:8508: $? = 0
configure:8512: test -z 
			 || test ! -s conftest.err
configure:8515: $? = 0
configure:8518: test -s conftest.o
configure:8521: $? = 0
configure:8540: result: 4
configure:8627: checking stddef.h usability
configure:8639: gcc -c -O3  conftest.c >&5
configure:8645: $? = 0
configure:8649: test -z 
			 || test ! -s conftest.err
configure:8652: $? = 0
configure:8655: test -s conftest.o
configure:8658: $? = 0
configure:8668: result: yes
configure:8672: checking stddef.h presence
configure:8682: gcc -E  conftest.c
configure:8688: $? = 0
configure:8708: result: yes
configure:8743: checking for stddef.h
configure:8750: result: yes
configure:8618: checking for string.h
configure:8623: result: yes
configure:8618: checking for strings.h
configure:8623: result: yes
configure:8618: checking for stdlib.h
configure:8623: result: yes
configure:8627: checking time.h usability
configure:8639: gcc -c -O3  conftest.c >&5
configure:8645: $? = 0
configure:8649: test -z 
			 || test ! -s conftest.err
configure:8652: $? = 0
configure:8655: test -s conftest.o
configure:8658: $? = 0
configure:8668: result: yes
configure:8672: checking time.h presence
configure:8682: gcc -E  conftest.c
configure:8688: $? = 0
configure:8708: result: yes
configure:8743: checking for time.h
configure:8750: result: yes
configure:8618: checking for unistd.h
configure:8623: result: yes
configure:8779: checking fcntl.h usability
configure:8791: gcc -c -O3  conftest.c >&5
configure:8797: $? = 0
configure:8801: test -z 
			 || test ! -s conftest.err
configure:8804: $? = 0
configure:8807: test -s conftest.o
configure:8810: $? = 0
configure:8820: result: yes
configure:8824: checking fcntl.h presence
configure:8834: gcc -E  conftest.c
configure:8840: $? = 0
configure:8860: result: yes
configure:8895: checking for fcntl.h
configure:8902: result: yes
configure:8779: checking sys/file.h usability
configure:8791: gcc -c -O3  conftest.c >&5
configure:8797: $? = 0
configure:8801: test -z 
			 || test ! -s conftest.err
configure:8804: $? = 0
configure:8807: test -s conftest.o
configure:8810: $? = 0
configure:8820: result: yes
configure:8824: checking sys/file.h presence
configure:8834: gcc -E  conftest.c
configure:8840: $? = 0
configure:8860: result: yes
configure:8895: checking for sys/file.h
configure:8902: result: yes
configure:8779: checking sys/time.h usability
configure:8791: gcc -c -O3  conftest.c >&5
configure:8797: $? = 0
configure:8801: test -z 
			 || test ! -s conftest.err
configure:8804: $? = 0
configure:8807: test -s conftest.o
configure:8810: $? = 0
configure:8820: result: yes
configure:8824: checking sys/time.h presence
configure:8834: gcc -E  conftest.c
configure:8840: $? = 0
configure:8860: result: yes
configure:8895: checking for sys/time.h
configure:8902: result: yes
configure:8915: checking whether time.h and sys/time.h may both be included
configure:8940: gcc -c -O3  conftest.c >&5
configure:8946: $? = 0
configure:8950: test -z 
			 || test ! -s conftest.err
configure:8953: $? = 0
configure:8956: test -s conftest.o
configure:8959: $? = 0
configure:8970: result: yes
configure:8988: checking for dirent.h that defines DIR
configure:9012: gcc -c -O3  conftest.c >&5
configure:9018: $? = 0
configure:9022: test -z 
			 || test ! -s conftest.err
configure:9025: $? = 0
configure:9028: test -s conftest.o
configure:9031: $? = 0
configure:9042: result: yes
configure:9055: checking for library containing opendir
configure:9085: gcc -o conftest -O3   conftest.c  >&5
configure:9091: $? = 0
configure:9095: test -z 
			 || test ! -s conftest.err
configure:9098: $? = 0
configure:9101: test -s conftest
configure:9104: $? = 0
configure:9174: result: none required
configure:9320: checking for fcntl
configure:9377: gcc -o conftest -O3   conftest.c  >&5
configure:9383: $? = 0
configure:9387: test -z 
			 || test ! -s conftest.err
configure:9390: $? = 0
configure:9393: test -s conftest
configure:9396: $? = 0
configure:9408: result: yes
configure:9320: checking for getpagesize
configure:9408: result: yes
configure:9320: checking for setitimer
configure:9377: gcc -o conftest -O3   conftest.c  >&5
configure:9383: $? = 0
configure:9387: test -z 
			 || test ! -s conftest.err
configure:9390: $? = 0
configure:9393: test -s conftest
configure:9396: $? = 0
configure:9408: result: yes
configure:9320: checking for sysconf
configure:9377: gcc -o conftest -O3   conftest.c  >&5
configure:9383: $? = 0
configure:9387: test -z 
			 || test ! -s conftest.err
configure:9390: $? = 0
configure:9393: test -s conftest
configure:9396: $? = 0
configure:9408: result: yes
configure:9320: checking for fdopen
configure:9377: gcc -o conftest -O3   conftest.c  >&5
configure:9383: $? = 0
configure:9387: test -z 
			 || test ! -s conftest.err
configure:9390: $? = 0
configure:9393: test -s conftest
configure:9396: $? = 0
configure:9408: result: yes
configure:9320: checking for getuid
configure:9377: gcc -o conftest -O3   conftest.c  >&5
configure:9383: $? = 0
configure:9387: test -z 
			 || test ! -s conftest.err
configure:9390: $? = 0
configure:9393: test -s conftest
configure:9396: $? = 0
configure:9408: result: yes
configure:9320: checking for getgid
configure:9377: gcc -o conftest -O3   conftest.c  >&5
configure:9383: $? = 0
configure:9387: test -z 
			 || test ! -s conftest.err
configure:9390: $? = 0
configure:9393: test -s conftest
configure:9396: $? = 0
configure:9408: result: yes
configure:9422: checking for strtoull
configure:9479: gcc -o conftest -O3   conftest.c  >&5
configure:9485: $? = 0
configure:9489: test -z 
			 || test ! -s conftest.err
configure:9492: $? = 0
configure:9495: test -s conftest
configure:9498: $? = 0
configure:9510: result: yes
configure:9531: checking whether strstr must be declared
configure:9566: gcc -c -O3  conftest.c >&5
configure:9572: $? = 0
configure:9576: test -z 
			 || test ! -s conftest.err
configure:9579: $? = 0
configure:9582: test -s conftest.o
configure:9585: $? = 0
configure:9597: result: no
configure:9607: checking whether malloc must be declared
configure:9642: gcc -c -O3  conftest.c >&5
configure:9648: $? = 0
configure:9652: test -z 
			 || test ! -s conftest.err
configure:9655: $? = 0
configure:9658: test -s conftest.o
configure:9661: $? = 0
configure:9673: result: no
configure:9683: checking whether realloc must be declared
configure:9718: gcc -c -O3  conftest.c >&5
configure:9724: $? = 0
configure:9728: test -z 
			 || test ! -s conftest.err
configure:9731: $? = 0
configure:9734: test -s conftest.o
configure:9737: $? = 0
configure:9749: result: no
configure:9759: checking whether free must be declared
configure:9794: gcc -c -O3  conftest.c >&5
configure:9800: $? = 0
configure:9804: test -z 
			 || test ! -s conftest.err
configure:9807: $? = 0
configure:9810: test -s conftest.o
configure:9813: $? = 0
configure:9825: result: no
configure:9835: checking whether getenv must be declared
configure:9870: gcc -c -O3  conftest.c >&5
configure:9876: $? = 0
configure:9880: test -z 
			 || test ! -s conftest.err
configure:9883: $? = 0
configure:9886: test -s conftest.o
configure:9889: $? = 0
configure:9901: result: no
configure:11843: checking for gcc version with buggy 64-bit support
configure:11860: result: no
configure:11898: checking for ftello
configure:11955: gcc -o conftest -O3   conftest.c  >&5
configure:11961: $? = 0
configure:11965: test -z 
			 || test ! -s conftest.err
configure:11968: $? = 0
configure:11971: test -s conftest
configure:11974: $? = 0
configure:11986: result: yes
configure:11898: checking for ftello64
configure:11955: gcc -o conftest -O3   conftest.c  >&5
configure:11961: $? = 0
configure:11965: test -z 
			 || test ! -s conftest.err
configure:11968: $? = 0
configure:11971: test -s conftest
configure:11974: $? = 0
configure:11986: result: yes
configure:11898: checking for fseeko
configure:11955: gcc -o conftest -O3   conftest.c  >&5
configure:11961: $? = 0
configure:11965: test -z 
			 || test ! -s conftest.err
configure:11968: $? = 0
configure:11971: test -s conftest
configure:11974: $? = 0
configure:11986: result: yes
configure:11898: checking for fseeko64
configure:11955: gcc -o conftest -O3   conftest.c  >&5
configure:11961: $? = 0
configure:11965: test -z 
			 || test ! -s conftest.err
configure:11968: $? = 0
configure:11971: test -s conftest
configure:11974: $? = 0
configure:11986: result: yes
configure:11997: checking size of off_t
configure:12022: gcc -c -O3  conftest.c >&5
configure:12028: $? = 0
configure:12032: test -z 
			 || test ! -s conftest.err
configure:12035: $? = 0
configure:12038: test -s conftest.o
configure:12041: $? = 0
configure:12060: result: 4
configure:12069: checking file_ptr type
configure:12078: result: BFD_HOST_64_BIT
configure:12098: checking for stdlib.h
configure:12103: result: yes
configure:12098: checking for unistd.h
configure:12103: result: yes
configure:12247: checking for getpagesize
configure:12335: result: yes
configure:12345: checking for working mmap
configure:12509: result: yes
configure:12525: checking for madvise
configure:12582: gcc -o conftest -O3   conftest.c  >&5
configure:12588: $? = 0
configure:12592: test -z 
			 || test ! -s conftest.err
configure:12595: $? = 0
configure:12598: test -s conftest
configure:12601: $? = 0
configure:12613: result: yes
configure:12525: checking for mprotect
configure:12582: gcc -o conftest -O3   conftest.c  >&5
configure:12588: $? = 0
configure:12592: test -z 
			 || test ! -s conftest.err
configure:12595: $? = 0
configure:12598: test -s conftest
configure:12601: $? = 0
configure:12613: result: yes
configure:12759: creating ./config.status

## ---------------------- ##
## Running config.status. ##
## ---------------------- ##

This file was extended by config.status, which was
generated by GNU Autoconf 2.59.  Invocation command line was

  CONFIG_FILES    = 
  CONFIG_HEADERS  = 
  CONFIG_LINKS    = 
  CONFIG_COMMANDS = 
  $ ./config.status 

on localhost.localdomain

config.status:765: creating Makefile
config.status:765: creating doc/Makefile
config.status:765: creating bfd-in3.h
config.status:765: creating po/Makefile.in
config.status:862: creating config.h
config.status:1293: executing depfiles commands
config.status:1293: executing default commands

## ---------------- ##
## Cache variables. ##
## ---------------- ##

ac_cv_archive_cmds_needs_lc=yes
ac_cv_build=i386-pc-linux-gnu
ac_cv_build_alias=i386-pc-linux
ac_cv_c_compiler_gnu=yes
ac_cv_c_const=yes
ac_cv_c_inline=inline
ac_cv_env_CC_set=set
ac_cv_env_CC_value=gcc
ac_cv_env_CFLAGS_set=set
ac_cv_env_CFLAGS_value=-O3
ac_cv_env_CPPFLAGS_set=
ac_cv_env_CPPFLAGS_value=
ac_cv_env_CPP_set=
ac_cv_env_CPP_value=
ac_cv_env_LDFLAGS_set=set
ac_cv_env_LDFLAGS_value=
ac_cv_env_build_alias_set=set
ac_cv_env_build_alias_value=i386-pc-linux
ac_cv_env_host_alias_set=set
ac_cv_env_host_alias_value=i386-pc-linux
ac_cv_env_target_alias_set=set
ac_cv_env_target_alias_value=mips-linux
ac_cv_exeext=
ac_cv_func___argz_count=yes
ac_cv_func___argz_next=yes
ac_cv_func___argz_stringify=yes
ac_cv_func_alloca_works=yes
ac_cv_func_fcntl=yes
ac_cv_func_fdopen=yes
ac_cv_func_fseeko=yes
ac_cv_func_fseeko64=yes
ac_cv_func_ftello=yes
ac_cv_func_ftello64=yes
ac_cv_func_getcwd=yes
ac_cv_func_getgid=yes
ac_cv_func_getpagesize=yes
ac_cv_func_getuid=yes
ac_cv_func_madvise=yes
ac_cv_func_mmap_fixed_mapped=yes
ac_cv_func_mprotect=yes
ac_cv_func_munmap=yes
ac_cv_func_putenv=yes
ac_cv_func_setenv=yes
ac_cv_func_setitimer=yes
ac_cv_func_setlocale=yes
ac_cv_func_stpcpy=yes
ac_cv_func_strcasecmp=yes
ac_cv_func_strchr=yes
ac_cv_func_strtoull=yes
ac_cv_func_sysconf=yes
ac_cv_header_argz_h=yes
ac_cv_header_dirent_dirent_h=yes
ac_cv_header_fcntl_h=yes
ac_cv_header_inttypes_h=yes
ac_cv_header_limits_h=yes
ac_cv_header_locale_h=yes
ac_cv_header_malloc_h=yes
ac_cv_header_memory_h=yes
ac_cv_header_nl_types_h=yes
ac_cv_header_stdc=yes
ac_cv_header_stddef_h=yes
ac_cv_header_stdint_h=yes
ac_cv_header_stdlib_h=yes
ac_cv_header_string_h=yes
ac_cv_header_strings_h=yes
ac_cv_header_sys_file_h=yes
ac_cv_header_sys_param_h=yes
ac_cv_header_sys_stat_h=yes
ac_cv_header_sys_time_h=yes
ac_cv_header_sys_types_h=yes
ac_cv_header_time=yes
ac_cv_header_time_h=yes
ac_cv_header_unistd_h=yes
ac_cv_header_values_h=yes
ac_cv_host=i386-pc-linux-gnu
ac_cv_host_alias=i386-pc-linux
ac_cv_objext=o
ac_cv_path_install='/usr/bin/install -c'
ac_cv_prog_AR=ar
ac_cv_prog_AWK=gawk
ac_cv_prog_CC=gcc
ac_cv_prog_CPP='gcc -E'
ac_cv_prog_RANLIB=ranlib
ac_cv_prog_ac_ct_STRIP=strip
ac_cv_prog_cc_can_build_shared=yes
ac_cv_prog_cc_g=yes
ac_cv_prog_cc_no_builtin=
ac_cv_prog_cc_pic=' -fPIC -DPIC'
ac_cv_prog_cc_pic_works=yes
ac_cv_prog_cc_shlib=
ac_cv_prog_cc_static=-static
ac_cv_prog_cc_static_works=yes
ac_cv_prog_cc_stdc=
ac_cv_prog_cc_wl=-Wl,
ac_cv_prog_egrep='grep -E'
ac_cv_prog_make_make_set=yes
ac_cv_search_opendir='none required'
ac_cv_search_strerror='none required'
ac_cv_sizeof_long=4
ac_cv_sizeof_long_long=8
ac_cv_sizeof_off_t=4
ac_cv_target=mips-unknown-linux-gnu
ac_cv_target_alias=mips-linux
ac_cv_type_off_t=yes
ac_cv_type_size_t=yes
ac_cv_working_alloca_h=yes
am_cv_CC_dependencies_compiler_type=none
am_cv_val_LC_MESSAGES=yes
bfd_cv_decl_needed_free=no
bfd_cv_decl_needed_getenv=no
bfd_cv_decl_needed_malloc=no
bfd_cv_decl_needed_realloc=no
bfd_cv_decl_needed_strstr=no
bfd_cv_has_long_long=yes
lt_cv_compiler_c_o=yes
lt_cv_deplibs_check_method=pass_all
lt_cv_file_magic_cmd='$MAGIC_CMD'
lt_cv_file_magic_test_file='/lib/libc.so.6 /lib/libc-2.8.so'
lt_cv_ld_reload_flag=-r
lt_cv_path_LD=ld
lt_cv_path_NM=nm
lt_cv_prog_gnu_ld=yes
lt_cv_sys_max_cmd_len=49153
nls_cv_header_intl=libintl.h
nls_cv_header_libgt=libgettext.h

## ----------------- ##
## Output variables. ##
## ----------------- ##

ACLOCAL='${SHELL} /toolchain/openrsdk/rsdk-1.3.6/binutils-2.16/missing --run aclocal-1.9'
ALLOCA=''
AMDEPBACKSLASH='\'
AMDEP_FALSE='#'
AMDEP_TRUE=''
AMTAR='${SHELL} /toolchain/openrsdk/rsdk-1.3.6/binutils-2.16/missing --run tar'
AR='ar'
AUTOCONF='${SHELL} /toolchain/openrsdk/rsdk-1.3.6/binutils-2.16/missing --run autoconf'
AUTOHEADER='${SHELL} /toolchain/openrsdk/rsdk-1.3.6/binutils-2.16/missing --run autoheader'
AUTOMAKE='${SHELL} /toolchain/openrsdk/rsdk-1.3.6/binutils-2.16/missing --run automake-1.9'
AWK='gawk'
BFD_HOST_64BIT_LONG='0'
BFD_HOST_64_BIT='long long'
BFD_HOST_64_BIT_DEFINED='1'
BFD_HOST_LONG_LONG='1'
BFD_HOST_U_64_BIT='unsigned long long'
CATALOGS=''
CATOBJEXT=''
CC='gcc'
CCDEPMODE='depmode=none'
CC_FOR_BUILD='gcc'
CFLAGS='-O3'
COREFILE=''
COREFLAG=''
CPP='gcc -E'
CPPFLAGS=''
CYGPATH_W='echo'
DATADIRNAME='share'
DEFS='-DHAVE_CONFIG_H'
DEPDIR='.deps'
ECHO_C=''
ECHO_N='-n'
ECHO_T=''
EGREP='grep -E'
EXEEXT=''
EXEEXT_FOR_BUILD='$(EXEEXT)'
GMOFILES=' fr.gmo tr.gmo ja.gmo es.gmo sv.gmo da.gmo zh_CN.gmo ro.gmo'
GMSGFMT=''
GT_NO=''
GT_YES='#YES#'
HDEFINES=''
INCLUDE_LOCALE_H='#include <locale.h>'
INSTALL_DATA='${INSTALL} -m 644'
INSTALL_LIBBFD_FALSE=''
INSTALL_LIBBFD_TRUE='#'
INSTALL_PROGRAM='${INSTALL}'
INSTALL_SCRIPT='${INSTALL}'
INSTALL_STRIP_PROGRAM='${SHELL} $(install_sh) -c -s'
INSTOBJEXT=''
INTLDEPS=''
INTLLIBS=''
INTLOBJS=''
LDFLAGS=''
LIBOBJS=''
LIBS=''
LIBTOOL='$(SHELL) $(top_builddir)/libtool'
LN_S='ln -s'
LTLIBOBJS=''
MAINT='#'
MAINTAINER_MODE_FALSE=''
MAINTAINER_MODE_TRUE='#'
MAKEINFO='/toolchain/openrsdk/rsdk-1.3.6/binutils-2.16/missing makeinfo'
MKINSTALLDIRS='$(srcdir)/../../mkinstalldirs'
MSGFMT=''
OBJEXT='o'
PACKAGE='bfd'
PACKAGE_BUGREPORT=''
PACKAGE_NAME=''
PACKAGE_STRING=''
PACKAGE_TARNAME=''
PACKAGE_VERSION=''
PATH_SEPARATOR=':'
POFILES=' fr.po tr.po ja.po es.po sv.po da.po zh_CN.po ro.po'
POSUB=''
RANLIB='ranlib'
SET_MAKE=''
SHELL='/bin/sh'
STRIP='strip'
TDEFINES=' '
USE_INCLUDED_LIBINTL='no'
USE_NLS='no'
VERSION='2.16-1.3.6'
WARN_CFLAGS='-W -Wall -Wstrict-prototypes -Wmissing-prototypes'
WIN32LDFLAGS=''
WIN32LIBADD=''
XGETTEXT=''
ac_ct_AR=''
ac_ct_CC=''
ac_ct_RANLIB=''
ac_ct_STRIP='strip'
all_backends='$(BFD64_BACKENDS) $(BFD32_BACKENDS)'
am__fastdepCC_FALSE=''
am__fastdepCC_TRUE='#'
am__include='include'
am__leading_dot='.'
am__quote=''
am__tar='${AMTAR} chof - "$$tardir"'
am__untar='${AMTAR} xf -'
bfd_backends=' elf32-mips.lo elfxx-mips.lo elf32.lo elf.lo elflink.lo elf-strtab.lo elf-eh-frame.lo dwarf1.lo ecofflink.lo coff-mips.lo ecoff.lo elfn32-mips.lo elf64-mips.lo elf64.lo elf64-gen.lo elf32-gen.lo'
bfd_default_target_size='32'
bfd_file_ptr='BFD_HOST_64_BIT'
bfd_libs='$(BFD64_LIBS) $(BFD32_LIBS)'
bfd_machines=' cpu-mips.lo'
bfd_ufile_ptr='BFD_HOST_U_64_BIT'
bfdincludedir='$(exec_prefix)/$(host_noncanonical)/$(target_noncanonical)/include'
bfdlibdir='$(exec_prefix)/$(host_noncanonical)/$(target_noncanonical)/lib'
bindir='${exec_prefix}/bin'
build='i386-pc-linux-gnu'
build_alias='i386-pc-linux'
build_cpu='i386'
build_os='linux-gnu'
build_vendor='pc'
datadir='${prefix}/share'
exec_prefix='${prefix}'
host='i386-pc-linux-gnu'
host_alias='i386-pc-linux'
host_cpu='i386'
host_noncanonical='i386-pc-linux'
host_os='linux-gnu'
host_vendor='pc'
includedir='${prefix}/include'
infodir='${prefix}/info'
install_sh='/toolchain/openrsdk/rsdk-1.3.6/binutils-2.16/install-sh'
l=''
libdir='${exec_prefix}/lib'
libexecdir='${exec_prefix}/libexec'
localstatedir='${prefix}/var'
mandir='${prefix}/man'
mkdir_p='mkdir -p --'
oldincludedir='/usr/include'
prefix='/toolchain/openrsdk/rsdk-1.3.6/release/rsdk-1.3.6/linux/uclibc'
program_transform_name='s,^,mips-linux-,;'
sbindir='${exec_prefix}/sbin'
sharedstatedir='${prefix}/com'
sysconfdir='${prefix}/etc'
target='mips-unknown-linux-gnu'
target_alias='mips-linux'
target_cpu='mips'
target_noncanonical='mips-linux'
target_os='linux-gnu'
target_vendor='unknown'
tdefaults=' -DDEFAULT_VECTOR=bfd_elf32_tradbigmips_vec -DSELECT_VECS='&bfd_elf32_tradbigmips_vec,&bfd_elf32_tradlittlemips_vec,&ecoff_big_vec,&ecoff_little_vec,&bfd_elf32_ntradbigmips_vec,&bfd_elf64_tradbigmips_vec,&bfd_elf32_ntradlittlemips_vec,&bfd_elf64_tradlittlemips_vec,&bfd_elf64_little_generic_vec,&bfd_elf64_big_generic_vec,&bfd_elf32_little_generic_vec,&bfd_elf32_big_generic_vec' -DSELECT_ARCHITECTURES='&bfd_mips_arch' -DHAVE_bfd_elf32_tradbigmips_vec -DHAVE_bfd_elf32_tradlittlemips_vec -DHAVE_ecoff_big_vec -DHAVE_ecoff_little_vec -DHAVE_bfd_elf32_ntradbigmips_vec -DHAVE_bfd_elf64_tradbigmips_vec -DHAVE_bfd_elf32_ntradlittlemips_vec -DHAVE_bfd_elf64_tradlittlemips_vec -DHAVE_bfd_elf64_little_generic_vec -DHAVE_bfd_elf64_big_generic_vec -DHAVE_bfd_elf32_little_generic_vec -DHAVE_bfd_elf32_big_generic_vec'
wordsize='64'

## ----------- ##
## confdefs.h. ##
## ----------- ##

#define HAVE_ALLOCA 1
#define HAVE_ALLOCA_H 1
#define HAVE_ARGZ_H 1
#define HAVE_DIRENT_H 1
#define HAVE_FCNTL 1
#define HAVE_FCNTL_H 1
#define HAVE_FDOPEN 1
#define HAVE_FSEEKO 1
#define HAVE_FSEEKO64 1
#define HAVE_FTELLO 1
#define HAVE_FTELLO64 1
#define HAVE_GETCWD 1
#define HAVE_GETGID 1
#define HAVE_GETPAGESIZE 1
#define HAVE_GETPAGESIZE 1
#define HAVE_GETPAGESIZE 1
#define HAVE_GETUID 1
#define HAVE_INTTYPES_H 1
#define HAVE_LC_MESSAGES 1
#define HAVE_LIMITS_H 1
#define HAVE_LOCALE_H 1
#define HAVE_MADVISE 1
#define HAVE_MALLOC_H 1
#define HAVE_MEMORY_H 1
#define HAVE_MMAP 1
#define HAVE_MMAP 1
#define HAVE_MPROTECT 1
#define HAVE_MUNMAP 1
#define HAVE_NL_TYPES_H 1
#define HAVE_PUTENV 1
#define HAVE_SETENV 1
#define HAVE_SETITIMER 1
#define HAVE_SETLOCALE 1
#define HAVE_STDDEF_H 1
#define HAVE_STDINT_H 1
#define HAVE_STDLIB_H 1
#define HAVE_STDLIB_H 1
#define HAVE_STDLIB_H 1
#define HAVE_STDLIB_H 1
#define HAVE_STPCPY 1
#define HAVE_STPCPY 1
#define HAVE_STRCASECMP 1
#define HAVE_STRCHR 1
#define HAVE_STRINGS_H 1
#define HAVE_STRINGS_H 1
#define HAVE_STRING_H 1
#define HAVE_STRING_H 1
#define HAVE_STRING_H 1
#define HAVE_STRTOULL 1
#define HAVE_SYSCONF 1
#define HAVE_SYS_FILE_H 1
#define HAVE_SYS_PARAM_H 1
#define HAVE_SYS_STAT_H 1
#define HAVE_SYS_TIME_H 1
#define HAVE_SYS_TYPES_H 1
#define HAVE_TIME_H 1
#define HAVE_UNISTD_H 1
#define HAVE_UNISTD_H 1
#define HAVE_UNISTD_H 1
#define HAVE_UNISTD_H 1
#define HAVE_UNISTD_H 1
#define HAVE_VALUES_H 1
#define HAVE___ARGZ_COUNT 1
#define HAVE___ARGZ_NEXT 1
#define HAVE___ARGZ_STRINGIFY 1
#define PACKAGE "bfd"
#define PACKAGE_BUGREPORT ""
#define PACKAGE_NAME ""
#define PACKAGE_STRING ""
#define PACKAGE_TARNAME ""
#define PACKAGE_VERSION ""
#define SIZEOF_LONG 4
#define SIZEOF_LONG_LONG 8
#define SIZEOF_OFF_T 4
#define STDC_HEADERS 1
#define TIME_WITH_SYS_TIME 1
#define VERSION "2.16-1.3.6"

configure: exit 0

## ---------------------- ##
## Running config.status. ##
## ---------------------- ##

This file was extended by config.status, which was
generated by GNU Autoconf 2.59.  Invocation command line was

  CONFIG_FILES    = po/Makefile.in:po/Make-in
  CONFIG_HEADERS  = 
  CONFIG_LINKS    = 
  CONFIG_COMMANDS = 
  $ ./config.status 

on localhost.localdomain

config.status:765: creating po/Makefile.in
config.status:1293: executing depfiles commands
config.status:1293: executing default commands
