This file contains any messages produced by compilers while
running configure, to aid debugging if configure makes a mistake.

It was created by configure, which was
generated by GNU Autoconf 2.59.  Invocation command line was

  $ ./configure --prefix=/usr/local --cache-file=/dev/null --srcdir=.

## --------- ##
## Platform. ##
## --------- ##

hostname = lxdev02.corp.westell.com
uname -m = x86_64
uname -r = 2.6.20-1.2320.fc5
uname -s = Linux
uname -v = #1 SMP Tue Jun 12 18:50:49 EDT 2007

/usr/bin/uname -p = unknown
/bin/uname -X     = unknown

/bin/arch              = x86_64
/usr/bin/arch -k       = unknown
/usr/convex/getsysinfo = unknown
hostinfo               = unknown
/bin/machine           = unknown
/usr/bin/oslevel       = unknown
/bin/universe          = unknown

PATH: /opt/starteam-en-8.0.0-java/bin
PATH: /usr/java/jre1.5.0_06/bin
PATH: /opt/starteam-en-8.0.0-java/bin
PATH: /usr/java/jre1.5.0_06/bin
PATH: /usr/java/jre1.6.0_02/bin
PATH: /opt/starteam-en-8.0.0-java/bin
PATH: /usr/kerberos/bin
PATH: /usr/local/bin
PATH: /bin
PATH: /usr/bin
PATH: /sbin
PATH: /usr/sbin
PATH: /etc
PATH: /opt/exp/bin
PATH: /home/jacob/bin
PATH: /sbin
PATH: /usr/sbin
PATH: /etc
PATH: /opt/exp/bin


## ----------- ##
## Core tests. ##
## ----------- ##

configure:1267: checking whether make sets $(MAKE)
configure:1287: result: yes
configure:1342: checking for gcc
configure:1358: found /usr/bin/gcc
configure:1368: result: gcc
configure:1612: checking for C compiler version
configure:1615: gcc --version </dev/null >&5
gcc (GCC) 4.1.1 20070105 (Red Hat 4.1.1-51)
Copyright (C) 2006 Free Software Foundation, Inc.
This is free software; see the source for copying conditions.  There is NO
warranty; not even for MERCHANTABILITY or FITNESS FOR A PARTICULAR PURPOSE.

configure:1618: $? = 0
configure:1620: gcc -v </dev/null >&5
Using built-in specs.
Target: x86_64-redhat-linux
Configured with: ../configure --prefix=/usr --mandir=/usr/share/man --infodir=/usr/share/info --enable-shared --enable-threads=posix --enable-checking=release --with-system-zlib --enable-__cxa_atexit --disable-libunwind-exceptions --enable-libgcj-multifile --enable-languages=c,c++,objc,obj-c++,java,fortran,ada --enable-java-awt=gtk --disable-dssi --with-java-home=/usr/lib/jvm/java-1.4.2-gcj-1.4.2.0/jre --with-cpu=generic --host=x86_64-redhat-linux
Thread model: posix
gcc version 4.1.1 20070105 (Red Hat 4.1.1-51)
configure:1623: $? = 0
configure:1625: gcc -V </dev/null >&5
gcc: '-V' option must have argument
configure:1628: $? = 1
configure:1651: checking for C compiler default output file name
configure:1654: gcc    conftest.c  >&5
configure:1657: $? = 0
configure:1703: result: a.out
configure:1708: checking whether the C compiler works
configure:1714: ./a.out
configure:1717: $? = 0
configure:1734: result: yes
configure:1741: checking whether we are cross compiling
configure:1743: result: no
configure:1746: checking for suffix of executables
configure:1748: gcc -o conftest    conftest.c  >&5
configure:1751: $? = 0
configure:1776: result: 
configure:1782: checking for suffix of object files
configure:1803: gcc -c   conftest.c >&5
configure:1806: $? = 0
configure:1828: result: o
configure:1832: checking whether we are using the GNU C compiler
configure:1856: gcc -c   conftest.c >&5
configure:1862: $? = 0
configure:1866: test -z 
			 || test ! -s conftest.err
configure:1869: $? = 0
configure:1872: test -s conftest.o
configure:1875: $? = 0
configure:1888: result: yes
configure:1894: checking whether gcc accepts -g
configure:1915: gcc -c -g  conftest.c >&5
configure:1921: $? = 0
configure:1925: test -z 
			 || test ! -s conftest.err
configure:1928: $? = 0
configure:1931: test -s conftest.o
configure:1934: $? = 0
configure:1945: result: yes
configure:1962: checking for gcc option to accept ANSI C
configure:2032: gcc  -c -g -O2  conftest.c >&5
configure:2038: $? = 0
configure:2042: test -z 
			 || test ! -s conftest.err
configure:2045: $? = 0
configure:2048: test -s conftest.o
configure:2051: $? = 0
configure:2069: result: none needed
configure:2087: gcc -c -g -O2  conftest.c >&5
conftest.c:2: error: expected '=', ',', ';', 'asm' or '__attribute__' before 'me'
configure:2093: $? = 1
configure: failed program was:
| #ifndef __cplusplus
|   choke me
| #endif
configure:2231: checking how to run the C preprocessor
configure:2266: gcc -E  conftest.c
configure:2272: $? = 0
configure:2304: gcc -E  conftest.c
conftest.c:9:28: error: ac_nonexistent.h: No such file or directory
configure:2310: $? = 1
configure: failed program was:
| /* confdefs.h.  */
| 
| #define PACKAGE_NAME ""
| #define PACKAGE_TARNAME ""
| #define PACKAGE_VERSION ""
| #define PACKAGE_STRING ""
| #define PACKAGE_BUGREPORT ""
| /* end confdefs.h.  */
| #include <ac_nonexistent.h>
configure:2349: result: gcc -E
configure:2373: gcc -E  conftest.c
configure:2379: $? = 0
configure:2411: gcc -E  conftest.c
conftest.c:9:28: error: ac_nonexistent.h: No such file or directory
configure:2417: $? = 1
configure: failed program was:
| /* confdefs.h.  */
| 
| #define PACKAGE_NAME ""
| #define PACKAGE_TARNAME ""
| #define PACKAGE_VERSION ""
| #define PACKAGE_STRING ""
| #define PACKAGE_BUGREPORT ""
| /* end confdefs.h.  */
| #include <ac_nonexistent.h>
configure:2512: checking for g++
configure:2528: found /usr/bin/g++
configure:2538: result: g++
configure:2554: checking for C++ compiler version
configure:2557: g++ --version </dev/null >&5
g++ (GCC) 4.1.1 20070105 (Red Hat 4.1.1-51)
Copyright (C) 2006 Free Software Foundation, Inc.
This is free software; see the source for copying conditions.  There is NO
warranty; not even for MERCHANTABILITY or FITNESS FOR A PARTICULAR PURPOSE.

configure:2560: $? = 0
configure:2562: g++ -v </dev/null >&5
Using built-in specs.
Target: x86_64-redhat-linux
Configured with: ../configure --prefix=/usr --mandir=/usr/share/man --infodir=/usr/share/info --enable-shared --enable-threads=posix --enable-checking=release --with-system-zlib --enable-__cxa_atexit --disable-libunwind-exceptions --enable-libgcj-multifile --enable-languages=c,c++,objc,obj-c++,java,fortran,ada --enable-java-awt=gtk --disable-dssi --with-java-home=/usr/lib/jvm/java-1.4.2-gcj-1.4.2.0/jre --with-cpu=generic --host=x86_64-redhat-linux
Thread model: posix
gcc version 4.1.1 20070105 (Red Hat 4.1.1-51)
configure:2565: $? = 0
configure:2567: g++ -V </dev/null >&5
g++: '-V' option must have argument
configure:2570: $? = 1
configure:2573: checking whether we are using the GNU C++ compiler
configure:2597: g++ -c   conftest.cc >&5
configure:2603: $? = 0
configure:2607: test -z 
			 || test ! -s conftest.err
configure:2610: $? = 0
configure:2613: test -s conftest.o
configure:2616: $? = 0
configure:2629: result: yes
configure:2635: checking whether g++ accepts -g
configure:2656: g++ -c -g  conftest.cc >&5
configure:2662: $? = 0
configure:2666: test -z 
			 || test ! -s conftest.err
configure:2669: $? = 0
configure:2672: test -s conftest.o
configure:2675: $? = 0
configure:2686: result: yes
configure:2728: g++ -c -g -O2  conftest.cc >&5
configure:2734: $? = 0
configure:2738: test -z 
			 || test ! -s conftest.err
configure:2741: $? = 0
configure:2744: test -s conftest.o
configure:2747: $? = 0
configure:2773: g++ -c -g -O2  conftest.cc >&5
conftest.cc: In function 'int main()':
conftest.cc:13: error: 'exit' was not declared in this scope
configure:2779: $? = 1
configure: failed program was:
| /* confdefs.h.  */
| 
| #define PACKAGE_NAME ""
| #define PACKAGE_TARNAME ""
| #define PACKAGE_VERSION ""
| #define PACKAGE_STRING ""
| #define PACKAGE_BUGREPORT ""
| /* end confdefs.h.  */
| 
| int
| main ()
| {
| exit (42);
|   ;
|   return 0;
| }
configure:2728: g++ -c -g -O2  conftest.cc >&5
configure:2734: $? = 0
configure:2738: test -z 
			 || test ! -s conftest.err
configure:2741: $? = 0
configure:2744: test -s conftest.o
configure:2747: $? = 0
configure:2773: g++ -c -g -O2  conftest.cc >&5
configure:2779: $? = 0
configure:2783: test -z 
			 || test ! -s conftest.err
configure:2786: $? = 0
configure:2789: test -s conftest.o
configure:2792: $? = 0
configure:2820: checking how to run the C++ preprocessor
configure:2851: g++ -E  conftest.cc
configure:2857: $? = 0
configure:2889: g++ -E  conftest.cc
conftest.cc:12:28: error: ac_nonexistent.h: No such file or directory
configure:2895: $? = 1
configure: failed program was:
| /* confdefs.h.  */
| 
| #define PACKAGE_NAME ""
| #define PACKAGE_TARNAME ""
| #define PACKAGE_VERSION ""
| #define PACKAGE_STRING ""
| #define PACKAGE_BUGREPORT ""
| #ifdef __cplusplus
| extern "C" void std::exit (int) throw (); using std::exit;
| #endif
| /* end confdefs.h.  */
| #include <ac_nonexistent.h>
configure:2934: result: g++ -E
configure:2958: g++ -E  conftest.cc
configure:2964: $? = 0
configure:2996: g++ -E  conftest.cc
conftest.cc:12:28: error: ac_nonexistent.h: No such file or directory
configure:3002: $? = 1
configure: failed program was:
| /* confdefs.h.  */
| 
| #define PACKAGE_NAME ""
| #define PACKAGE_TARNAME ""
| #define PACKAGE_VERSION ""
| #define PACKAGE_STRING ""
| #define PACKAGE_BUGREPORT ""
| #ifdef __cplusplus
| extern "C" void std::exit (int) throw (); using std::exit;
| #endif
| /* end confdefs.h.  */
| #include <ac_nonexistent.h>
configure:3055: checking for a BSD compatible install
configure:3097: result: /usr/bin/install -c
configure:3109: checking for stack-allocated variable-size arrays
configure:3140: g++ -c -g -O2  conftest.cc >&5
configure:3146: $? = 0
configure:3150: test -z 
			 || test ! -s conftest.err
configure:3153: $? = 0
configure:3156: test -s conftest.o
configure:3159: $? = 0
configure:3178: result: yes
configure:3188: checking for rand in -lm
configure:3218: gcc -o conftest -g -O2   conftest.c -lm   >&5
configure:3224: $? = 0
configure:3228: test -z 
			 || test ! -s conftest.err
configure:3231: $? = 0
configure:3234: test -s conftest
configure:3237: $? = 0
configure:3250: result: yes
configure:3355: creating ./config.status

## ---------------------- ##
## Running config.status. ##
## ---------------------- ##

This file was extended by config.status, which was
generated by GNU Autoconf 2.59.  Invocation command line was

  CONFIG_FILES    = 
  CONFIG_HEADERS  = 
  CONFIG_LINKS    = 
  CONFIG_COMMANDS = 
  $ ./config.status 

on lxdev02.corp.westell.com

config.status:649: creating Makefile
config.status:752: creating config.h

## ---------------- ##
## Cache variables. ##
## ---------------- ##

ac_cv_c_compiler_gnu=yes
ac_cv_cxx_compiler_gnu=yes
ac_cv_env_CC_set=
ac_cv_env_CC_value=
ac_cv_env_CFLAGS_set=
ac_cv_env_CFLAGS_value=
ac_cv_env_CPPFLAGS_set=
ac_cv_env_CPPFLAGS_value=
ac_cv_env_CPP_set=
ac_cv_env_CPP_value=
ac_cv_env_CXXCPP_set=
ac_cv_env_CXXCPP_value=
ac_cv_env_CXXFLAGS_set=
ac_cv_env_CXXFLAGS_value=
ac_cv_env_CXX_set=
ac_cv_env_CXX_value=
ac_cv_env_LDFLAGS_set=
ac_cv_env_LDFLAGS_value=
ac_cv_env_build_alias_set=
ac_cv_env_build_alias_value=
ac_cv_env_host_alias_set=
ac_cv_env_host_alias_value=
ac_cv_env_target_alias_set=
ac_cv_env_target_alias_value=
ac_cv_exeext=
ac_cv_lib_m_rand=yes
ac_cv_objext=o
ac_cv_prog_CPP='gcc -E'
ac_cv_prog_CXXCPP='g++ -E'
ac_cv_prog_ac_ct_CC=gcc
ac_cv_prog_ac_ct_CXX=g++
ac_cv_prog_cc_g=yes
ac_cv_prog_cc_stdc=
ac_cv_prog_cxx_g=yes
ac_cv_prog_make_make_set=yes
cl_cv_path_install='/usr/bin/install -c'
gp_cv_cxx_dynamic_array=yes

## ----------------- ##
## Output variables. ##
## ----------------- ##

CC='gcc'
CFLAGS='-g -O2'
CPP='gcc -E'
CPPFLAGS=''
CXX='g++'
CXXCPP='g++ -E'
CXXFLAGS='-g -O2'
DEFS='-DHAVE_CONFIG_H'
ECHO_C=''
ECHO_N='-n'
ECHO_T=''
EXEEXT=''
GPERF_LIBM='-lm'
INSTALL='/usr/bin/install -c'
INSTALL_DATA='$(INSTALL) -m 644'
INSTALL_PROGRAM='$(INSTALL)'
LDFLAGS=''
LIBOBJS=''
LIBS=''
LTLIBOBJS=''
OBJEXT='o'
PACKAGE_BUGREPORT=''
PACKAGE_NAME=''
PACKAGE_STRING=''
PACKAGE_TARNAME=''
PACKAGE_VERSION=''
PATH_SEPARATOR=':'
SET_MAKE=''
SHELL='/bin/sh'
ac_ct_CC='gcc'
ac_ct_CXX='g++'
bindir='${exec_prefix}/bin'
build_alias=''
datadir='${prefix}/share'
exec_prefix='${prefix}'
host_alias=''
includedir='${prefix}/include'
infodir='${prefix}/info'
libdir='${exec_prefix}/lib'
libexecdir='${exec_prefix}/libexec'
localstatedir='${prefix}/var'
mandir='${prefix}/man'
oldincludedir='/usr/include'
prefix='/usr/local'
program_transform_name='s,x,x,'
sbindir='${exec_prefix}/sbin'
sharedstatedir='${prefix}/com'
sysconfdir='${prefix}/etc'
target_alias=''

## ----------- ##
## confdefs.h. ##
## ----------- ##

#define HAVE_DYNAMIC_ARRAY 1
#define PACKAGE_BUGREPORT ""
#define PACKAGE_NAME ""
#define PACKAGE_STRING ""
#define PACKAGE_TARNAME ""
#define PACKAGE_VERSION ""
#endif
#ifdef __cplusplus
extern "C" void std::exit (int) throw (); using std::exit;

configure: exit 0
