This file contains any messages produced by compilers while
running configure, to aid debugging if configure makes a mistake.

It was created by configure, which was
generated by GNU Autoconf 2.59.  Invocation command line was

  $ /toolchain/openrsdk/rsdk-1.3.6/binutils-2.16/gas/configure --cache-file=./config.cache --build=i386-pc-linux --host=i386-pc-linux --target=mips-linux --with-gnu-as --with-gnu-ld --with-stabs --prefix=/toolchain/openrsdk/rsdk-1.3.6/release/rsdk-1.3.6/linux/uclibc --disable-nls --disable-werror --enable-multilib --with-float=soft --program-transform-name=s,^,mips-linux-,;  --srcdir=/toolchain/openrsdk/rsdk-1.3.6/binutils-2.16/gas

## --------- ##
## Platform. ##
## --------- ##

hostname = localhost.localdomain
uname -m = i686
uname -r = 2.6.25-14.fc9.i686
uname -s = Linux
uname -v = #1 SMP Thu May 1 06:28:41 EDT 2008

/usr/bin/uname -p = unknown
/bin/uname -X     = unknown

/bin/arch              = i686
/usr/bin/arch -k       = unknown
/usr/convex/getsysinfo = unknown
hostinfo               = unknown
/bin/machine           = unknown
/usr/bin/oslevel       = unknown
/bin/universe          = unknown

PATH: /toolchain/openrsdk/rsdk-1.3.6/release/rsdk-1.3.6/linux/uclibc/bin
PATH: /sbin
PATH: /usr/sbin
PATH: /bin
PATH: /usr/bin
PATH: /usr/X11R6/bin
PATH: /usr/kerberos/bin
PATH: /usr/local/bin


## ----------- ##
## Core tests. ##
## ----------- ##

configure:1241: creating cache ./config.cache
configure:1353: checking build system type
configure:1371: result: i386-pc-linux-gnu
configure:1379: checking host system type
configure:1393: result: i386-pc-linux-gnu
configure:1401: checking target system type
configure:1415: result: mips-unknown-linux-gnu
configure:1437: checking for i386-pc-linux-gcc
configure:1463: result: gcc
configure:1745: checking for C compiler version
configure:1748: gcc --version </dev/null >&5
gcc (GCC) 4.3.0 20080428 (Red Hat 4.3.0-8)
Copyright (C) 2008 Free Software Foundation, Inc.
This is free software; see the source for copying conditions.  There is NO
warranty; not even for MERCHANTABILITY or FITNESS FOR A PARTICULAR PURPOSE.

configure:1751: $? = 0
configure:1753: gcc -v </dev/null >&5
Using built-in specs.
Target: i386-redhat-linux
Configured with: ../configure --prefix=/usr --mandir=/usr/share/man --infodir=/usr/share/info --with-bugurl=http://bugzilla.redhat.com/bugzilla --enable-bootstrap --enable-shared --enable-threads=posix --enable-checking=release --with-system-zlib --enable-__cxa_atexit --disable-libunwind-exceptions --enable-languages=c,c++,objc,obj-c++,java,fortran,ada --enable-java-awt=gtk --disable-dssi --enable-plugin --with-java-home=/usr/lib/jvm/java-1.5.0-gcj-1.5.0.0/jre --enable-libgcj-multifile --enable-java-maintainer-mode --with-ecj-jar=/usr/share/java/eclipse-ecj.jar --disable-libjava-multilib --with-cpu=generic --build=i386-redhat-linux
Thread model: posix
gcc version 4.3.0 20080428 (Red Hat 4.3.0-8) (GCC) 
configure:1756: $? = 0
configure:1758: gcc -V </dev/null >&5
gcc: '-V' option must have argument
configure:1761: $? = 1
configure:1784: checking for C compiler default output file name
configure:1787: gcc -O3   conftest.c  >&5
configure:1790: $? = 0
configure:1836: result: a.out
configure:1841: checking whether the C compiler works
configure:1847: ./a.out
configure:1850: $? = 0
configure:1867: result: yes
configure:1874: checking whether we are cross compiling
configure:1876: result: no
configure:1879: checking for suffix of executables
configure:1881: gcc -o conftest -O3   conftest.c  >&5
configure:1884: $? = 0
configure:1909: result: 
configure:1915: checking for suffix of object files
configure:1936: gcc -c -O3  conftest.c >&5
configure:1939: $? = 0
configure:1961: result: o
configure:1965: checking whether we are using the GNU C compiler
configure:1989: gcc -c -O3  conftest.c >&5
configure:1995: $? = 0
configure:1999: test -z 
			 || test ! -s conftest.err
configure:2002: $? = 0
configure:2005: test -s conftest.o
configure:2008: $? = 0
configure:2021: result: yes
configure:2027: checking whether gcc accepts -g
configure:2048: gcc -c -g  conftest.c >&5
configure:2054: $? = 0
configure:2058: test -z 
			 || test ! -s conftest.err
configure:2061: $? = 0
configure:2064: test -s conftest.o
configure:2067: $? = 0
configure:2078: result: yes
configure:2095: checking for gcc option to accept ANSI C
configure:2165: gcc  -c -O3  conftest.c >&5
configure:2171: $? = 0
configure:2175: test -z 
			 || test ! -s conftest.err
configure:2178: $? = 0
configure:2181: test -s conftest.o
configure:2184: $? = 0
configure:2202: result: none needed
configure:2220: gcc -c -O3  conftest.c >&5
conftest.c:2: error: expected '=', ',', ';', 'asm' or '__attribute__' before 'me'
configure:2226: $? = 1
configure: failed program was:
| #ifndef __cplusplus
|   choke me
| #endif
configure:2360: checking for library containing strerror
configure:2390: gcc -o conftest -O3   conftest.c  >&5
configure:2396: $? = 0
configure:2400: test -z 
			 || test ! -s conftest.err
configure:2403: $? = 0
configure:2406: test -s conftest
configure:2409: $? = 0
configure:2479: result: none required
configure:2502: checking for a BSD-compatible install
configure:2557: result: /usr/bin/install -c
configure:2568: checking whether build environment is sane
configure:2611: result: yes
configure:2676: checking for gawk
configure:2692: found /bin/gawk
configure:2702: result: gawk
configure:2712: checking whether make sets $(MAKE)
configure:2732: result: yes
configure:2762: checking for style of include used by make
configure:2790: result: GNU
configure:2966: checking dependency style of gcc
configure:3056: result: none
configure:3152: checking for ld used by GCC
configure:3215: result: ld
configure:3224: checking if the linker (ld) is GNU ld
GNU ld version 2.18.50.0.6-2 20080403
configure:3236: result: yes
configure:3241: checking for ld option to reload object files
configure:3248: result: -r
configure:3253: checking for BSD-compatible nm
configure:3289: result: nm
configure:3292: checking whether ln -s works
configure:3296: result: yes
configure:3303: checking how to recognise dependant libraries
configure:3471: result: pass_all
configure:3623: checking for i386-pc-linux-ranlib
configure:3649: result: ranlib
configure:3703: checking for i386-pc-linux-strip
configure:3732: result: no
configure:3741: checking for strip
configure:3757: found /usr/bin/strip
configure:3768: result: strip
configure:4025: loading cache ./config.cache
5
ltcf-c.sh:need_lc: gcc -shared conftest.o  -v -Wl,-soname -Wl,conftest -o conftest
 /usr/libexec/gcc/i386-redhat-linux/4.3.0/collect2 --eh-frame-hdr --build-id -m elf_i386 --hash-style=gnu -shared -o conftest /usr/lib/gcc/i386-redhat-linux/4.3.0/../../../crti.o /usr/lib/gcc/i386-redhat-linux/4.3.0/crtbeginS.o -L/usr/lib/gcc/i386-redhat-linux/4.3.0 -L/usr/lib/gcc/i386-redhat-linux/4.3.0 -L/usr/lib/gcc/i386-redhat-linux/4.3.0/../../.. conftest.o -soname conftest -lgcc --as-needed -lgcc_s --no-as-needed -lc -lgcc --as-needed -lgcc_s --no-as-needed /usr/lib/gcc/i386-redhat-linux/4.3.0/crtendS.o /usr/lib/gcc/i386-redhat-linux/4.3.0/../../../crtn.o
ltconfig:678:checking for gcc option to produce PIC
ltconfig:687:checking that gcc PIC flag -fPIC -DPIC works.
ltconfig:697: gcc -c -O3 -fPIC -DPIC -DPIC  conftest.c 1>&5
ltconfig:749: checking if gcc static flag -static works
ltconfig:758: gcc -o conftest -O3   -static conftest.c  1>&5
ltconfig:780: finding the maximum length of command line arguments
ltconfig:@lineno@: result: 49153
ltconfig:833: checking if gcc supports -c -o file.o
ltconfig:834: gcc -c -O3 -o out/conftest2.o  conftest.c 1>&5
ltconfig:887: checking if gcc supports -fno-rtti -fno-exceptions
ltconfig:888: gcc -c -O3 -fno-rtti -fno-exceptions -c conftest.c  conftest.c 1>&5
ltconfig:1431: checking if global_symbol_pipe works
ltconfig:1432: gcc -c -O3  conftest.c 1>&5
ltconfig:1435: eval "nm conftest.o | sed -n -e 's/^.*[ 	]\([ABCDGISTW][ABCDGISTW]*\)[ 	][ 	]*\(\)\([_A-Za-z][_A-Za-z0-9]*\)$/\1 \2\3 \3/p' > conftest.nm"
ltconfig:1487: gcc -o conftest -O3 -fno-builtin   conftest.c conftstm.o 1>&5
configure:4133: checking whether byte ordering is bigendian
configure:4160: gcc -c -O3  conftest.c >&5
configure:4166: $? = 0
configure:4170: test -z 
			 || test ! -s conftest.err
configure:4173: $? = 0
configure:4176: test -s conftest.o
configure:4179: $? = 0
configure:4203: gcc -c -O3  conftest.c >&5
conftest.c: In function 'main':
conftest.c:18: error: 'not' undeclared (first use in this function)
conftest.c:18: error: (Each undeclared identifier is reported only once
conftest.c:18: error: for each function it appears in.)
conftest.c:18: error: expected ';' before 'big'
configure:4209: $? = 1
configure: failed program was:
| /* confdefs.h.  */
| 
| #define PACKAGE_NAME ""
| #define PACKAGE_TARNAME ""
| #define PACKAGE_VERSION ""
| #define PACKAGE_STRING ""
| #define PACKAGE_BUGREPORT ""
| #define PACKAGE "gas"
| #define VERSION "2.16-0.3.0"
| /* end confdefs.h.  */
| #include <sys/types.h>
| #include <sys/param.h>
| 
| int
| main ()
| {
| #if BYTE_ORDER != BIG_ENDIAN
|  not big endian
| #endif
| 
|   ;
|   return 0;
| }
configure:4344: result: no
configure:5099: checking for i386-pc-linux-gcc
configure:5125: result: gcc
configure:5407: checking for C compiler version
configure:5410: gcc --version </dev/null >&5
gcc (GCC) 4.3.0 20080428 (Red Hat 4.3.0-8)
Copyright (C) 2008 Free Software Foundation, Inc.
This is free software; see the source for copying conditions.  There is NO
warranty; not even for MERCHANTABILITY or FITNESS FOR A PARTICULAR PURPOSE.

configure:5413: $? = 0
configure:5415: gcc -v </dev/null >&5
Using built-in specs.
Target: i386-redhat-linux
Configured with: ../configure --prefix=/usr --mandir=/usr/share/man --infodir=/usr/share/info --with-bugurl=http://bugzilla.redhat.com/bugzilla --enable-bootstrap --enable-shared --enable-threads=posix --enable-checking=release --with-system-zlib --enable-__cxa_atexit --disable-libunwind-exceptions --enable-languages=c,c++,objc,obj-c++,java,fortran,ada --enable-java-awt=gtk --disable-dssi --enable-plugin --with-java-home=/usr/lib/jvm/java-1.5.0-gcj-1.5.0.0/jre --enable-libgcj-multifile --enable-java-maintainer-mode --with-ecj-jar=/usr/share/java/eclipse-ecj.jar --disable-libjava-multilib --with-cpu=generic --build=i386-redhat-linux
Thread model: posix
gcc version 4.3.0 20080428 (Red Hat 4.3.0-8) (GCC) 
configure:5418: $? = 0
configure:5420: gcc -V </dev/null >&5
gcc: '-V' option must have argument
configure:5423: $? = 1
configure:5426: checking whether we are using the GNU C compiler
configure:5482: result: yes
configure:5488: checking whether gcc accepts -g
configure:5539: result: yes
configure:5556: checking for gcc option to accept ANSI C
configure:5663: result: none needed
configure:5681: gcc -c -O3  conftest.c >&5
conftest.c:2: error: expected '=', ',', ';', 'asm' or '__attribute__' before 'me'
configure:5687: $? = 1
configure: failed program was:
| #ifndef __cplusplus
|   choke me
| #endif
configure:5825: checking for bison
configure:5851: result: bison -y
configure:5866: checking for flex
configure:5892: result: flex
configure:5905: checking for yywrap in -lfl
configure:5935: gcc -o conftest -O3   conftest.c -lfl   >&5
configure:5941: $? = 0
configure:5945: test -z 
			 || test ! -s conftest.err
configure:5948: $? = 0
configure:5951: test -s conftest
configure:5954: $? = 0
configure:5967: result: yes
configure:6045: checking lex output file root
configure:6056: flex conftest.l
configure:6059: $? = 0
configure:6071: result: lex.yy
configure:6076: checking whether yytext is a pointer
configure:6092: gcc -o conftest -O3   conftest.c  -lfl >&5
configure:6098: $? = 0
configure:6102: test -z 
			 || test ! -s conftest.err
configure:6105: $? = 0
configure:6108: test -s conftest
configure:6111: $? = 0
configure:6125: result: yes
configure:6144: checking for i386-pc-linux-ranlib
configure:6170: result: ranlib
configure:6226: checking how to run the C preprocessor
configure:6261: gcc -E  conftest.c
configure:6267: $? = 0
configure:6299: gcc -E  conftest.c
conftest.c:26:28: error: ac_nonexistent.h: No such file or directory
configure:6305: $? = 1
configure: failed program was:
| /* confdefs.h.  */
| 
| #define PACKAGE_NAME ""
| #define PACKAGE_TARNAME ""
| #define PACKAGE_VERSION ""
| #define PACKAGE_STRING ""
| #define PACKAGE_BUGREPORT ""
| #define PACKAGE "gas"
| #define VERSION "2.16-0.3.0"
| #define TARGET_BYTES_BIG_ENDIAN 1
| #define MIPS_CPU_STRING_DEFAULT "from-abi"
| #define USE_E_MIPS_ABI_O32 1
| #define MIPS_DEFAULT_64BIT 0
| #define MIPS_DEFAULT_ABI O32_ABI
| #define USE_EMULATIONS 1
| #define EMULATIONS  &mipsbelf, &mipslelf, &mipself,
| #define DEFAULT_EMULATION "mipsbelf"
| #define BFD_ASSEMBLER 1
| #define TARGET_ALIAS "mips-linux"
| #define TARGET_CANONICAL "mips-unknown-linux-gnu"
| #define TARGET_CPU "mips"
| #define TARGET_VENDOR "unknown"
| #define TARGET_OS "linux-gnu"
| #define YYTEXT_POINTER 1
| /* end confdefs.h.  */
| #include <ac_nonexistent.h>
configure:6344: result: gcc -E
configure:6368: gcc -E  conftest.c
configure:6374: $? = 0
configure:6406: gcc -E  conftest.c
conftest.c:26:28: error: ac_nonexistent.h: No such file or directory
configure:6412: $? = 1
configure: failed program was:
| /* confdefs.h.  */
| 
| #define PACKAGE_NAME ""
| #define PACKAGE_TARNAME ""
| #define PACKAGE_VERSION ""
| #define PACKAGE_STRING ""
| #define PACKAGE_BUGREPORT ""
| #define PACKAGE "gas"
| #define VERSION "2.16-0.3.0"
| #define TARGET_BYTES_BIG_ENDIAN 1
| #define MIPS_CPU_STRING_DEFAULT "from-abi"
| #define USE_E_MIPS_ABI_O32 1
| #define MIPS_DEFAULT_64BIT 0
| #define MIPS_DEFAULT_ABI O32_ABI
| #define USE_EMULATIONS 1
| #define EMULATIONS  &mipsbelf, &mipslelf, &mipself,
| #define DEFAULT_EMULATION "mipsbelf"
| #define BFD_ASSEMBLER 1
| #define TARGET_ALIAS "mips-linux"
| #define TARGET_CANONICAL "mips-unknown-linux-gnu"
| #define TARGET_CPU "mips"
| #define TARGET_VENDOR "unknown"
| #define TARGET_OS "linux-gnu"
| #define YYTEXT_POINTER 1
| /* end confdefs.h.  */
| #include <ac_nonexistent.h>
configure:6456: checking for egrep
configure:6466: result: grep -E
configure:6471: checking for ANSI C header files
configure:6496: gcc -c -O3  conftest.c >&5
configure:6502: $? = 0
configure:6506: test -z 
			 || test ! -s conftest.err
configure:6509: $? = 0
configure:6512: test -s conftest.o
configure:6515: $? = 0
configure:6604: gcc -o conftest -O3   conftest.c  >&5
conftest.c: In function 'main':
conftest.c:43: warning: incompatible implicit declaration of built-in function 'exit'
configure:6607: $? = 0
configure:6609: ./conftest
configure:6612: $? = 0
configure:6627: result: yes
configure:6637: checking for an ANSI C-conforming const
configure:6704: gcc -c -O3  conftest.c >&5
configure:6710: $? = 0
configure:6714: test -z 
			 || test ! -s conftest.err
configure:6717: $? = 0
configure:6720: test -s conftest.o
configure:6723: $? = 0
configure:6734: result: yes
configure:6744: checking for inline
configure:6765: gcc -c -O3  conftest.c >&5
configure:6771: $? = 0
configure:6775: test -z 
			 || test ! -s conftest.err
configure:6778: $? = 0
configure:6781: test -s conftest.o
configure:6784: $? = 0
configure:6796: result: inline
configure:6829: checking for sys/types.h
configure:6845: gcc -c -O3  conftest.c >&5
configure:6851: $? = 0
configure:6855: test -z 
			 || test ! -s conftest.err
configure:6858: $? = 0
configure:6861: test -s conftest.o
configure:6864: $? = 0
configure:6875: result: yes
configure:6829: checking for sys/stat.h
configure:6845: gcc -c -O3  conftest.c >&5
configure:6851: $? = 0
configure:6855: test -z 
			 || test ! -s conftest.err
configure:6858: $? = 0
configure:6861: test -s conftest.o
configure:6864: $? = 0
configure:6875: result: yes
configure:6829: checking for stdlib.h
configure:6845: gcc -c -O3  conftest.c >&5
configure:6851: $? = 0
configure:6855: test -z 
			 || test ! -s conftest.err
configure:6858: $? = 0
configure:6861: test -s conftest.o
configure:6864: $? = 0
configure:6875: result: yes
configure:6829: checking for string.h
configure:6845: gcc -c -O3  conftest.c >&5
configure:6851: $? = 0
configure:6855: test -z 
			 || test ! -s conftest.err
configure:6858: $? = 0
configure:6861: test -s conftest.o
configure:6864: $? = 0
configure:6875: result: yes
configure:6829: checking for memory.h
configure:6845: gcc -c -O3  conftest.c >&5
configure:6851: $? = 0
configure:6855: test -z 
			 || test ! -s conftest.err
configure:6858: $? = 0
configure:6861: test -s conftest.o
configure:6864: $? = 0
configure:6875: result: yes
configure:6829: checking for strings.h
configure:6845: gcc -c -O3  conftest.c >&5
configure:6851: $? = 0
configure:6855: test -z 
			 || test ! -s conftest.err
configure:6858: $? = 0
configure:6861: test -s conftest.o
configure:6864: $? = 0
configure:6875: result: yes
configure:6829: checking for inttypes.h
configure:6845: gcc -c -O3  conftest.c >&5
configure:6851: $? = 0
configure:6855: test -z 
			 || test ! -s conftest.err
configure:6858: $? = 0
configure:6861: test -s conftest.o
configure:6864: $? = 0
configure:6875: result: yes
configure:6829: checking for stdint.h
configure:6845: gcc -c -O3  conftest.c >&5
configure:6851: $? = 0
configure:6855: test -z 
			 || test ! -s conftest.err
configure:6858: $? = 0
configure:6861: test -s conftest.o
configure:6864: $? = 0
configure:6875: result: yes
configure:6829: checking for unistd.h
configure:6845: gcc -c -O3  conftest.c >&5
configure:6851: $? = 0
configure:6855: test -z 
			 || test ! -s conftest.err
configure:6858: $? = 0
configure:6861: test -s conftest.o
configure:6864: $? = 0
configure:6875: result: yes
configure:6887: checking for off_t
configure:6911: gcc -c -O3  conftest.c >&5
configure:6917: $? = 0
configure:6921: test -z 
			 || test ! -s conftest.err
configure:6924: $? = 0
configure:6927: test -s conftest.o
configure:6930: $? = 0
configure:6941: result: yes
configure:6953: checking for size_t
configure:6977: gcc -c -O3  conftest.c >&5
configure:6983: $? = 0
configure:6987: test -z 
			 || test ! -s conftest.err
configure:6990: $? = 0
configure:6993: test -s conftest.o
configure:6996: $? = 0
configure:7007: result: yes
configure:7021: checking for working alloca.h
configure:7042: gcc -o conftest -O3   conftest.c  >&5
configure:7048: $? = 0
configure:7052: test -z 
			 || test ! -s conftest.err
configure:7055: $? = 0
configure:7058: test -s conftest
configure:7061: $? = 0
configure:7073: result: yes
configure:7083: checking for alloca
configure:7124: gcc -o conftest -O3   conftest.c  >&5
configure:7130: $? = 0
configure:7134: test -z 
			 || test ! -s conftest.err
configure:7137: $? = 0
configure:7140: test -s conftest
configure:7143: $? = 0
configure:7155: result: yes
configure:7384: checking for stdlib.h
configure:7389: result: yes
configure:7384: checking for unistd.h
configure:7389: result: yes
configure:7533: checking for getpagesize
configure:7590: gcc -o conftest -O3   conftest.c  >&5
configure:7596: $? = 0
configure:7600: test -z 
			 || test ! -s conftest.err
configure:7603: $? = 0
configure:7606: test -s conftest
configure:7609: $? = 0
configure:7621: result: yes
configure:7631: checking for working mmap
configure:7773: gcc -o conftest -O3   conftest.c  >&5
configure:7776: $? = 0
configure:7778: ./conftest
configure:7781: $? = 0
configure:7795: result: yes
configure:7830: checking argz.h usability
configure:7842: gcc -c -O3  conftest.c >&5
configure:7848: $? = 0
configure:7852: test -z 
			 || test ! -s conftest.err
configure:7855: $? = 0
configure:7858: test -s conftest.o
configure:7861: $? = 0
configure:7871: result: yes
configure:7875: checking argz.h presence
configure:7885: gcc -E  conftest.c
configure:7891: $? = 0
configure:7911: result: yes
configure:7946: checking for argz.h
configure:7953: result: yes
configure:7830: checking limits.h usability
configure:7842: gcc -c -O3  conftest.c >&5
configure:7848: $? = 0
configure:7852: test -z 
			 || test ! -s conftest.err
configure:7855: $? = 0
configure:7858: test -s conftest.o
configure:7861: $? = 0
configure:7871: result: yes
configure:7875: checking limits.h presence
configure:7885: gcc -E  conftest.c
configure:7891: $? = 0
configure:7911: result: yes
configure:7946: checking for limits.h
configure:7953: result: yes
configure:7830: checking locale.h usability
configure:7842: gcc -c -O3  conftest.c >&5
configure:7848: $? = 0
configure:7852: test -z 
			 || test ! -s conftest.err
configure:7855: $? = 0
configure:7858: test -s conftest.o
configure:7861: $? = 0
configure:7871: result: yes
configure:7875: checking locale.h presence
configure:7885: gcc -E  conftest.c
configure:7891: $? = 0
configure:7911: result: yes
configure:7946: checking for locale.h
configure:7953: result: yes
configure:7830: checking nl_types.h usability
configure:7842: gcc -c -O3  conftest.c >&5
configure:7848: $? = 0
configure:7852: test -z 
			 || test ! -s conftest.err
configure:7855: $? = 0
configure:7858: test -s conftest.o
configure:7861: $? = 0
configure:7871: result: yes
configure:7875: checking nl_types.h presence
configure:7885: gcc -E  conftest.c
configure:7891: $? = 0
configure:7911: result: yes
configure:7946: checking for nl_types.h
configure:7953: result: yes
configure:7830: checking malloc.h usability
configure:7842: gcc -c -O3  conftest.c >&5
configure:7848: $? = 0
configure:7852: test -z 
			 || test ! -s conftest.err
configure:7855: $? = 0
configure:7858: test -s conftest.o
configure:7861: $? = 0
configure:7871: result: yes
configure:7875: checking malloc.h presence
configure:7885: gcc -E  conftest.c
configure:7891: $? = 0
configure:7911: result: yes
configure:7946: checking for malloc.h
configure:7953: result: yes
configure:7821: checking for string.h
configure:7826: result: yes
configure:7821: checking for unistd.h
configure:7826: result: yes
configure:7830: checking values.h usability
configure:7842: gcc -c -O3  conftest.c >&5
configure:7848: $? = 0
configure:7852: test -z 
			 || test ! -s conftest.err
configure:7855: $? = 0
configure:7858: test -s conftest.o
configure:7861: $? = 0
configure:7871: result: yes
configure:7875: checking values.h presence
configure:7885: gcc -E  conftest.c
configure:7891: $? = 0
configure:7911: result: yes
configure:7946: checking for values.h
configure:7953: result: yes
configure:7830: checking sys/param.h usability
configure:7842: gcc -c -O3  conftest.c >&5
configure:7848: $? = 0
configure:7852: test -z 
			 || test ! -s conftest.err
configure:7855: $? = 0
configure:7858: test -s conftest.o
configure:7861: $? = 0
configure:7871: result: yes
configure:7875: checking sys/param.h presence
configure:7885: gcc -E  conftest.c
configure:7891: $? = 0
configure:7911: result: yes
configure:7946: checking for sys/param.h
configure:7953: result: yes
configure:7980: checking for getcwd
configure:8037: gcc -o conftest -O3   conftest.c  >&5
configure:8043: $? = 0
configure:8047: test -z 
			 || test ! -s conftest.err
configure:8050: $? = 0
configure:8053: test -s conftest
configure:8056: $? = 0
configure:8068: result: yes
configure:7980: checking for munmap
configure:8037: gcc -o conftest -O3   conftest.c  >&5
configure:8043: $? = 0
configure:8047: test -z 
			 || test ! -s conftest.err
configure:8050: $? = 0
configure:8053: test -s conftest
configure:8056: $? = 0
configure:8068: result: yes
configure:7980: checking for putenv
configure:8037: gcc -o conftest -O3   conftest.c  >&5
configure:8043: $? = 0
configure:8047: test -z 
			 || test ! -s conftest.err
configure:8050: $? = 0
configure:8053: test -s conftest
configure:8056: $? = 0
configure:8068: result: yes
configure:7980: checking for setenv
configure:8037: gcc -o conftest -O3   conftest.c  >&5
configure:8043: $? = 0
configure:8047: test -z 
			 || test ! -s conftest.err
configure:8050: $? = 0
configure:8053: test -s conftest
configure:8056: $? = 0
configure:8068: result: yes
configure:7980: checking for setlocale
configure:8037: gcc -o conftest -O3   conftest.c  >&5
configure:8043: $? = 0
configure:8047: test -z 
			 || test ! -s conftest.err
configure:8050: $? = 0
configure:8053: test -s conftest
configure:8056: $? = 0
configure:8068: result: yes
configure:7980: checking for strchr
configure:8037: gcc -o conftest -O3   conftest.c  >&5
conftest.c:80: warning: conflicting types for built-in function 'strchr'
configure:8043: $? = 0
configure:8047: test -z 
			 || test ! -s conftest.err
configure:8050: $? = 0
configure:8053: test -s conftest
configure:8056: $? = 0
configure:8068: result: yes
configure:7980: checking for strcasecmp
configure:8037: gcc -o conftest -O3   conftest.c  >&5
conftest.c:81: warning: conflicting types for built-in function 'strcasecmp'
configure:8043: $? = 0
configure:8047: test -z 
			 || test ! -s conftest.err
configure:8050: $? = 0
configure:8053: test -s conftest
configure:8056: $? = 0
configure:8068: result: yes
configure:7980: checking for __argz_count
configure:8037: gcc -o conftest -O3   conftest.c  >&5
configure:8043: $? = 0
configure:8047: test -z 
			 || test ! -s conftest.err
configure:8050: $? = 0
configure:8053: test -s conftest
configure:8056: $? = 0
configure:8068: result: yes
configure:7980: checking for __argz_stringify
configure:8037: gcc -o conftest -O3   conftest.c  >&5
configure:8043: $? = 0
configure:8047: test -z 
			 || test ! -s conftest.err
configure:8050: $? = 0
configure:8053: test -s conftest
configure:8056: $? = 0
configure:8068: result: yes
configure:7980: checking for __argz_next
configure:8037: gcc -o conftest -O3   conftest.c  >&5
configure:8043: $? = 0
configure:8047: test -z 
			 || test ! -s conftest.err
configure:8050: $? = 0
configure:8053: test -s conftest
configure:8056: $? = 0
configure:8068: result: yes
configure:8084: checking for stpcpy
configure:8141: gcc -o conftest -O3   conftest.c  >&5
conftest.c:85: warning: conflicting types for built-in function 'stpcpy'
configure:8147: $? = 0
configure:8151: test -z 
			 || test ! -s conftest.err
configure:8154: $? = 0
configure:8157: test -s conftest
configure:8160: $? = 0
configure:8172: result: yes
configure:8192: checking for LC_MESSAGES
configure:8213: gcc -o conftest -O3   conftest.c  >&5
configure:8219: $? = 0
configure:8223: test -z 
			 || test ! -s conftest.err
configure:8226: $? = 0
configure:8229: test -s conftest
configure:8232: $? = 0
configure:8244: result: yes
configure:8254: checking whether NLS is requested
configure:8263: result: no
configure:9284: checking whether to enable maintainer-specific portions of Makefiles
configure:9293: result: no
configure:9323: checking for string.h
configure:9328: result: yes
configure:9323: checking for stdlib.h
configure:9328: result: yes
configure:9323: checking for memory.h
configure:9328: result: yes
configure:9323: checking for strings.h
configure:9328: result: yes
configure:9323: checking for unistd.h
configure:9328: result: yes
configure:9332: checking stdarg.h usability
configure:9344: gcc -c -O3  conftest.c >&5
configure:9350: $? = 0
configure:9354: test -z 
			 || test ! -s conftest.err
configure:9357: $? = 0
configure:9360: test -s conftest.o
configure:9363: $? = 0
configure:9373: result: yes
configure:9377: checking stdarg.h presence
configure:9387: gcc -E  conftest.c
configure:9393: $? = 0
configure:9413: result: yes
configure:9448: checking for stdarg.h
configure:9455: result: yes
configure:9332: checking varargs.h usability
configure:9344: gcc -c -O3  conftest.c >&5
In file included from conftest.c:104:
/usr/lib/gcc/i386-redhat-linux/4.3.0/include/varargs.h:4:2: error: #error "GCC no longer implements <varargs.h>."
/usr/lib/gcc/i386-redhat-linux/4.3.0/include/varargs.h:5:2: error: #error "Revise your code to use <stdarg.h>."
configure:9350: $? = 1
configure: failed program was:
| /* confdefs.h.  */
| 
| #define PACKAGE_NAME ""
| #define PACKAGE_TARNAME ""
| #define PACKAGE_VERSION ""
| #define PACKAGE_STRING ""
| #define PACKAGE_BUGREPORT ""
| #define PACKAGE "gas"
| #define VERSION "2.16-0.3.0"
| #define TARGET_BYTES_BIG_ENDIAN 1
| #define MIPS_CPU_STRING_DEFAULT "from-abi"
| #define USE_E_MIPS_ABI_O32 1
| #define MIPS_DEFAULT_64BIT 0
| #define MIPS_DEFAULT_ABI O32_ABI
| #define USE_EMULATIONS 1
| #define EMULATIONS  &mipsbelf, &mipslelf, &mipself,
| #define DEFAULT_EMULATION "mipsbelf"
| #define BFD_ASSEMBLER 1
| #define TARGET_ALIAS "mips-linux"
| #define TARGET_CANONICAL "mips-unknown-linux-gnu"
| #define TARGET_CPU "mips"
| #define TARGET_VENDOR "unknown"
| #define TARGET_OS "linux-gnu"
| #define YYTEXT_POINTER 1
| #define STDC_HEADERS 1
| #define HAVE_SYS_TYPES_H 1
| #define HAVE_SYS_STAT_H 1
| #define HAVE_STDLIB_H 1
| #define HAVE_STRING_H 1
| #define HAVE_MEMORY_H 1
| #define HAVE_STRINGS_H 1
| #define HAVE_INTTYPES_H 1
| #define HAVE_STDINT_H 1
| #define HAVE_UNISTD_H 1
| #define HAVE_ALLOCA_H 1
| #define HAVE_ALLOCA 1
| #define HAVE_STDLIB_H 1
| #define HAVE_UNISTD_H 1
| #define HAVE_GETPAGESIZE 1
| #define HAVE_MMAP 1
| #define HAVE_ARGZ_H 1
| #define HAVE_LIMITS_H 1
| #define HAVE_LOCALE_H 1
| #define HAVE_NL_TYPES_H 1
| #define HAVE_MALLOC_H 1
| #define HAVE_STRING_H 1
| #define HAVE_UNISTD_H 1
| #define HAVE_VALUES_H 1
| #define HAVE_SYS_PARAM_H 1
| #define HAVE_GETCWD 1
| #define HAVE_MUNMAP 1
| #define HAVE_PUTENV 1
| #define HAVE_SETENV 1
| #define HAVE_SETLOCALE 1
| #define HAVE_STRCHR 1
| #define HAVE_STRCASECMP 1
| #define HAVE___ARGZ_COUNT 1
| #define HAVE___ARGZ_STRINGIFY 1
| #define HAVE___ARGZ_NEXT 1
| #define HAVE_STPCPY 1
| #define HAVE_STPCPY 1
| #define HAVE_LC_MESSAGES 1
| #define HAVE_STRING_H 1
| #define HAVE_STDLIB_H 1
| #define HAVE_MEMORY_H 1
| #define HAVE_STRINGS_H 1
| #define HAVE_UNISTD_H 1
| #define HAVE_STDARG_H 1
| /* end confdefs.h.  */
| #include <stdio.h>
| #if HAVE_SYS_TYPES_H
| # include <sys/types.h>
| #endif
| #if HAVE_SYS_STAT_H
| # include <sys/stat.h>
| #endif
| #if STDC_HEADERS
| # include <stdlib.h>
| # include <stddef.h>
| #else
| # if HAVE_STDLIB_H
| #  include <stdlib.h>
| # endif
| #endif
| #if HAVE_STRING_H
| # if !STDC_HEADERS && HAVE_MEMORY_H
| #  include <memory.h>
| # endif
| # include <string.h>
| #endif
| #if HAVE_STRINGS_H
| # include <strings.h>
| #endif
| #if HAVE_INTTYPES_H
| # include <inttypes.h>
| #else
| # if HAVE_STDINT_H
| #  include <stdint.h>
| # endif
| #endif
| #if HAVE_UNISTD_H
| # include <unistd.h>
| #endif
| #include <varargs.h>
configure:9373: result: no
configure:9377: checking varargs.h presence
configure:9387: gcc -E  conftest.c
In file included from conftest.c:70:
/usr/lib/gcc/i386-redhat-linux/4.3.0/include/varargs.h:4:2: error: #error "GCC no longer implements <varargs.h>."
/usr/lib/gcc/i386-redhat-linux/4.3.0/include/varargs.h:5:2: error: #error "Revise your code to use <stdarg.h>."
configure:9393: $? = 1
configure: failed program was:
| /* confdefs.h.  */
| 
| #define PACKAGE_NAME ""
| #define PACKAGE_TARNAME ""
| #define PACKAGE_VERSION ""
| #define PACKAGE_STRING ""
| #define PACKAGE_BUGREPORT ""
| #define PACKAGE "gas"
| #define VERSION "2.16-0.3.0"
| #define TARGET_BYTES_BIG_ENDIAN 1
| #define MIPS_CPU_STRING_DEFAULT "from-abi"
| #define USE_E_MIPS_ABI_O32 1
| #define MIPS_DEFAULT_64BIT 0
| #define MIPS_DEFAULT_ABI O32_ABI
| #define USE_EMULATIONS 1
| #define EMULATIONS  &mipsbelf, &mipslelf, &mipself,
| #define DEFAULT_EMULATION "mipsbelf"
| #define BFD_ASSEMBLER 1
| #define TARGET_ALIAS "mips-linux"
| #define TARGET_CANONICAL "mips-unknown-linux-gnu"
| #define TARGET_CPU "mips"
| #define TARGET_VENDOR "unknown"
| #define TARGET_OS "linux-gnu"
| #define YYTEXT_POINTER 1
| #define STDC_HEADERS 1
| #define HAVE_SYS_TYPES_H 1
| #define HAVE_SYS_STAT_H 1
| #define HAVE_STDLIB_H 1
| #define HAVE_STRING_H 1
| #define HAVE_MEMORY_H 1
| #define HAVE_STRINGS_H 1
| #define HAVE_INTTYPES_H 1
| #define HAVE_STDINT_H 1
| #define HAVE_UNISTD_H 1
| #define HAVE_ALLOCA_H 1
| #define HAVE_ALLOCA 1
| #define HAVE_STDLIB_H 1
| #define HAVE_UNISTD_H 1
| #define HAVE_GETPAGESIZE 1
| #define HAVE_MMAP 1
| #define HAVE_ARGZ_H 1
| #define HAVE_LIMITS_H 1
| #define HAVE_LOCALE_H 1
| #define HAVE_NL_TYPES_H 1
| #define HAVE_MALLOC_H 1
| #define HAVE_STRING_H 1
| #define HAVE_UNISTD_H 1
| #define HAVE_VALUES_H 1
| #define HAVE_SYS_PARAM_H 1
| #define HAVE_GETCWD 1
| #define HAVE_MUNMAP 1
| #define HAVE_PUTENV 1
| #define HAVE_SETENV 1
| #define HAVE_SETLOCALE 1
| #define HAVE_STRCHR 1
| #define HAVE_STRCASECMP 1
| #define HAVE___ARGZ_COUNT 1
| #define HAVE___ARGZ_STRINGIFY 1
| #define HAVE___ARGZ_NEXT 1
| #define HAVE_STPCPY 1
| #define HAVE_STPCPY 1
| #define HAVE_LC_MESSAGES 1
| #define HAVE_STRING_H 1
| #define HAVE_STDLIB_H 1
| #define HAVE_MEMORY_H 1
| #define HAVE_STRINGS_H 1
| #define HAVE_UNISTD_H 1
| #define HAVE_STDARG_H 1
| /* end confdefs.h.  */
| #include <varargs.h>
configure:9413: result: no
configure:9448: checking for varargs.h
configure:9455: result: no
configure:9332: checking errno.h usability
configure:9344: gcc -c -O3  conftest.c >&5
configure:9350: $? = 0
configure:9354: test -z 
			 || test ! -s conftest.err
configure:9357: $? = 0
configure:9360: test -s conftest.o
configure:9363: $? = 0
configure:9373: result: yes
configure:9377: checking errno.h presence
configure:9387: gcc -E  conftest.c
configure:9393: $? = 0
configure:9413: result: yes
configure:9448: checking for errno.h
configure:9455: result: yes
configure:9323: checking for sys/types.h
configure:9328: result: yes
configure:9471: checking whether compiling a cross-assembler
configure:9483: result: yes
configure:9488: checking for working alloca.h
configure:9540: result: yes
configure:9550: checking for alloca
configure:9622: result: yes
configure:9845: checking for inline
configure:9897: result: inline
configure:9923: checking for unlink
configure:9980: gcc -o conftest -O3   conftest.c  >&5
configure:9986: $? = 0
configure:9990: test -z 
			 || test ! -s conftest.err
configure:9993: $? = 0
configure:9996: test -s conftest
configure:9999: $? = 0
configure:10011: result: yes
configure:10027: checking for sbrk
configure:10084: gcc -o conftest -O3   conftest.c  >&5
configure:10090: $? = 0
configure:10094: test -z 
			 || test ! -s conftest.err
configure:10097: $? = 0
configure:10100: test -s conftest
configure:10103: $? = 0
configure:10115: result: yes
configure:10339: checking for working assert macro
configure:10369: gcc -o conftest -O3   conftest.c  >&5
configure:10375: $? = 0
configure:10379: test -z 
			 || test ! -s conftest.err
configure:10382: $? = 0
configure:10385: test -s conftest
configure:10388: $? = 0
configure:10400: result: yes
configure:10431: checking whether declaration is required for strstr
configure:10456: gcc -o conftest -O3   conftest.c  >&5
configure:10462: $? = 0
configure:10466: test -z 
			 || test ! -s conftest.err
configure:10469: $? = 0
configure:10472: test -s conftest
configure:10475: $? = 0
configure:10487: result: no
configure:10498: checking whether declaration is required for malloc
configure:10523: gcc -o conftest -O3   conftest.c  >&5
configure:10529: $? = 0
configure:10533: test -z 
			 || test ! -s conftest.err
configure:10536: $? = 0
configure:10539: test -s conftest
configure:10542: $? = 0
configure:10554: result: no
configure:10565: checking whether declaration is required for free
configure:10590: gcc -o conftest -O3   conftest.c  >&5
configure:10596: $? = 0
configure:10600: test -z 
			 || test ! -s conftest.err
configure:10603: $? = 0
configure:10606: test -s conftest
configure:10609: $? = 0
configure:10621: result: no
configure:10632: checking whether declaration is required for sbrk
configure:10657: gcc -o conftest -O3   conftest.c  >&5
configure:10663: $? = 0
configure:10667: test -z 
			 || test ! -s conftest.err
configure:10670: $? = 0
configure:10673: test -s conftest
configure:10676: $? = 0
configure:10688: result: no
configure:10699: checking whether declaration is required for environ
configure:10724: gcc -o conftest -O3   conftest.c  >&5
conftest.c: In function 'main':
conftest.c:101: error: 'environ' undeclared (first use in this function)
conftest.c:101: error: (Each undeclared identifier is reported only once
conftest.c:101: error: for each function it appears in.)
configure:10730: $? = 1
configure: failed program was:
| /* confdefs.h.  */
| 
| #define PACKAGE_NAME ""
| #define PACKAGE_TARNAME ""
| #define PACKAGE_VERSION ""
| #define PACKAGE_STRING ""
| #define PACKAGE_BUGREPORT ""
| #define PACKAGE "gas"
| #define VERSION "2.16-0.3.0"
| #define TARGET_BYTES_BIG_ENDIAN 1
| #define MIPS_CPU_STRING_DEFAULT "from-abi"
| #define USE_E_MIPS_ABI_O32 1
| #define MIPS_DEFAULT_64BIT 0
| #define MIPS_DEFAULT_ABI O32_ABI
| #define USE_EMULATIONS 1
| #define EMULATIONS  &mipsbelf, &mipslelf, &mipself,
| #define DEFAULT_EMULATION "mipsbelf"
| #define BFD_ASSEMBLER 1
| #define TARGET_ALIAS "mips-linux"
| #define TARGET_CANONICAL "mips-unknown-linux-gnu"
| #define TARGET_CPU "mips"
| #define TARGET_VENDOR "unknown"
| #define TARGET_OS "linux-gnu"
| #define YYTEXT_POINTER 1
| #define STDC_HEADERS 1
| #define HAVE_SYS_TYPES_H 1
| #define HAVE_SYS_STAT_H 1
| #define HAVE_STDLIB_H 1
| #define HAVE_STRING_H 1
| #define HAVE_MEMORY_H 1
| #define HAVE_STRINGS_H 1
| #define HAVE_INTTYPES_H 1
| #define HAVE_STDINT_H 1
| #define HAVE_UNISTD_H 1
| #define HAVE_ALLOCA_H 1
| #define HAVE_ALLOCA 1
| #define HAVE_STDLIB_H 1
| #define HAVE_UNISTD_H 1
| #define HAVE_GETPAGESIZE 1
| #define HAVE_MMAP 1
| #define HAVE_ARGZ_H 1
| #define HAVE_LIMITS_H 1
| #define HAVE_LOCALE_H 1
| #define HAVE_NL_TYPES_H 1
| #define HAVE_MALLOC_H 1
| #define HAVE_STRING_H 1
| #define HAVE_UNISTD_H 1
| #define HAVE_VALUES_H 1
| #define HAVE_SYS_PARAM_H 1
| #define HAVE_GETCWD 1
| #define HAVE_MUNMAP 1
| #define HAVE_PUTENV 1
| #define HAVE_SETENV 1
| #define HAVE_SETLOCALE 1
| #define HAVE_STRCHR 1
| #define HAVE_STRCASECMP 1
| #define HAVE___ARGZ_COUNT 1
| #define HAVE___ARGZ_STRINGIFY 1
| #define HAVE___ARGZ_NEXT 1
| #define HAVE_STPCPY 1
| #define HAVE_STPCPY 1
| #define HAVE_LC_MESSAGES 1
| #define HAVE_STRING_H 1
| #define HAVE_STDLIB_H 1
| #define HAVE_MEMORY_H 1
| #define HAVE_STRINGS_H 1
| #define HAVE_UNISTD_H 1
| #define HAVE_STDARG_H 1
| #define HAVE_ERRNO_H 1
| #define HAVE_SYS_TYPES_H 1
| #define CROSS_COMPILE 1
| #define HAVE_ALLOCA_H 1
| #define HAVE_ALLOCA 1
| #define HAVE_UNLINK 1
| #define HAVE_SBRK 1
| /* end confdefs.h.  */
| 
| #ifdef HAVE_MEMORY_H
| #include <memory.h>
| #endif
| #ifdef HAVE_STRING_H
| #include <string.h>
| #else
| #ifdef HAVE_STRINGS_H
| #include <strings.h>
| #endif
| #endif
| #ifdef HAVE_STDLIB_H
| #include <stdlib.h>
| #endif
| #ifdef HAVE_UNISTD_H
| #include <unistd.h>
| #endif
| 
| int
| main ()
| {
| 
| typedef char **f;
| f x;
| x = (f) environ;
| 
|   ;
|   return 0;
| }
configure:10755: result: yes
configure:10769: checking whether declaration is required for errno
configure:10798: gcc -o conftest -O3   conftest.c  >&5
configure:10804: $? = 0
configure:10808: test -z 
			 || test ! -s conftest.err
configure:10811: $? = 0
configure:10814: test -s conftest
configure:10817: $? = 0
configure:10829: result: no
configure:10963: creating ./config.status

## ---------------------- ##
## Running config.status. ##
## ---------------------- ##

This file was extended by config.status, which was
generated by GNU Autoconf 2.59.  Invocation command line was

  CONFIG_FILES    = 
  CONFIG_HEADERS  = 
  CONFIG_LINKS    = 
  CONFIG_COMMANDS = 
  $ ./config.status 

on localhost.localdomain

config.status:756: creating .gdbinit
config.status:756: creating Makefile
config.status:756: creating doc/Makefile
config.status:756: creating po/Makefile.in
config.status:853: creating config.h
config.status:1269: executing depfiles commands
config.status:1269: executing default commands

## ---------------- ##
## Cache variables. ##
## ---------------- ##

ac_cv_archive_cmds_needs_lc=no
ac_cv_build=i386-pc-linux-gnu
ac_cv_build_alias=i386-pc-linux
ac_cv_c_bigendian=no
ac_cv_c_compiler_gnu=yes
ac_cv_c_const=yes
ac_cv_c_inline=inline
ac_cv_env_CC_set=set
ac_cv_env_CC_value=gcc
ac_cv_env_CFLAGS_set=set
ac_cv_env_CFLAGS_value=-O3
ac_cv_env_CPPFLAGS_set=
ac_cv_env_CPPFLAGS_value=
ac_cv_env_CPP_set=
ac_cv_env_CPP_value=
ac_cv_env_LDFLAGS_set=set
ac_cv_env_LDFLAGS_value=
ac_cv_env_build_alias_set=set
ac_cv_env_build_alias_value=i386-pc-linux
ac_cv_env_host_alias_set=set
ac_cv_env_host_alias_value=i386-pc-linux
ac_cv_env_target_alias_set=set
ac_cv_env_target_alias_value=mips-linux
ac_cv_exeext=
ac_cv_func___argz_count=yes
ac_cv_func___argz_next=yes
ac_cv_func___argz_stringify=yes
ac_cv_func_alloca_works=yes
ac_cv_func_getcwd=yes
ac_cv_func_getpagesize=yes
ac_cv_func_mmap_fixed_mapped=yes
ac_cv_func_munmap=yes
ac_cv_func_putenv=yes
ac_cv_func_sbrk=yes
ac_cv_func_setenv=yes
ac_cv_func_setlocale=yes
ac_cv_func_stpcpy=yes
ac_cv_func_strcasecmp=yes
ac_cv_func_strchr=yes
ac_cv_func_unlink=yes
ac_cv_header_argz_h=yes
ac_cv_header_errno_h=yes
ac_cv_header_inttypes_h=yes
ac_cv_header_limits_h=yes
ac_cv_header_locale_h=yes
ac_cv_header_malloc_h=yes
ac_cv_header_memory_h=yes
ac_cv_header_nl_types_h=yes
ac_cv_header_stdarg_h=yes
ac_cv_header_stdc=yes
ac_cv_header_stdint_h=yes
ac_cv_header_stdlib_h=yes
ac_cv_header_string_h=yes
ac_cv_header_strings_h=yes
ac_cv_header_sys_param_h=yes
ac_cv_header_sys_stat_h=yes
ac_cv_header_sys_types_h=yes
ac_cv_header_unistd_h=yes
ac_cv_header_values_h=yes
ac_cv_header_varargs_h=no
ac_cv_host=i386-pc-linux-gnu
ac_cv_host_alias=i386-pc-linux
ac_cv_lib_fl_yywrap=yes
ac_cv_objext=o
ac_cv_path_install='/usr/bin/install -c'
ac_cv_prog_AWK=gawk
ac_cv_prog_CC=gcc
ac_cv_prog_CPP='gcc -E'
ac_cv_prog_LEX=flex
ac_cv_prog_RANLIB=ranlib
ac_cv_prog_YACC='bison -y'
ac_cv_prog_ac_ct_STRIP=strip
ac_cv_prog_cc_can_build_shared=yes
ac_cv_prog_cc_g=yes
ac_cv_prog_cc_no_builtin=
ac_cv_prog_cc_pic=' -fPIC -DPIC'
ac_cv_prog_cc_pic_works=yes
ac_cv_prog_cc_shlib=
ac_cv_prog_cc_static=-static
ac_cv_prog_cc_static_works=yes
ac_cv_prog_cc_stdc=
ac_cv_prog_cc_wl=-Wl,
ac_cv_prog_egrep='grep -E'
ac_cv_prog_lex_root=lex.yy
ac_cv_prog_lex_yytext_pointer=yes
ac_cv_prog_make_make_set=yes
ac_cv_search_strerror='none required'
ac_cv_target=mips-unknown-linux-gnu
ac_cv_target_alias=mips-linux
ac_cv_type_off_t=yes
ac_cv_type_size_t=yes
ac_cv_working_alloca_h=yes
am_cv_CC_dependencies_compiler_type=none
am_cv_val_LC_MESSAGES=yes
gas_cv_assert_ok=yes
gas_cv_decl_needed_environ=yes
gas_cv_decl_needed_errno=no
gas_cv_decl_needed_free=no
gas_cv_decl_needed_malloc=no
gas_cv_decl_needed_sbrk=no
gas_cv_decl_needed_strstr=no
lt_cv_compiler_c_o=yes
lt_cv_deplibs_check_method=pass_all
lt_cv_file_magic_cmd='$MAGIC_CMD'
lt_cv_file_magic_test_file='/lib/libc.so.6 /lib/libc-2.8.so'
lt_cv_ld_reload_flag=-r
lt_cv_path_LD=ld
lt_cv_path_NM=nm
lt_cv_prog_gnu_ld=yes
lt_cv_sys_max_cmd_len=49153
nls_cv_header_intl=libintl.h
nls_cv_header_libgt=libgettext.h

## ----------------- ##
## Output variables. ##
## ----------------- ##

ACLOCAL='${SHELL} /toolchain/openrsdk/rsdk-1.3.6/binutils-2.16/missing --run aclocal-1.9'
ALLOCA=''
ALL_OBJ_DEPS=' ../bfd/bfd.h $(INCDIR)/symcat.h'
AMDEPBACKSLASH='\'
AMDEP_FALSE='#'
AMDEP_TRUE=''
AMTAR='${SHELL} /toolchain/openrsdk/rsdk-1.3.6/binutils-2.16/missing --run tar'
AUTOCONF='${SHELL} /toolchain/openrsdk/rsdk-1.3.6/binutils-2.16/missing --run autoconf'
AUTOHEADER='${SHELL} /toolchain/openrsdk/rsdk-1.3.6/binutils-2.16/missing --run autoheader'
AUTOMAKE='${SHELL} /toolchain/openrsdk/rsdk-1.3.6/binutils-2.16/missing --run automake-1.9'
AWK='gawk'
BFDLIB='../bfd/libbfd.la'
BFDVER_H='../bfd/bfdver.h'
CATALOGS=''
CATOBJEXT=''
CC='gcc'
CCDEPMODE='depmode=none'
CFLAGS='-O3'
CPP='gcc -E'
CPPFLAGS=''
CYGPATH_W='echo'
DATADIRNAME='share'
DEFS='-DHAVE_CONFIG_H'
DEPDIR='.deps'
ECHO_C=''
ECHO_N='-n'
ECHO_T=''
EGREP='grep -E'
EXEEXT=''
GDBINIT='.gdbinit'
GMOFILES=' fr.gmo tr.gmo es.gmo'
GMSGFMT=''
GT_NO=''
GT_YES='#YES#'
INCLUDE_LOCALE_H='#include <locale.h>'
INSTALL_DATA='${INSTALL} -m 644'
INSTALL_PROGRAM='${INSTALL}'
INSTALL_SCRIPT='${INSTALL}'
INSTALL_STRIP_PROGRAM='${SHELL} $(install_sh) -c -s'
INSTOBJEXT=''
INTLDEPS=''
INTLLIBS=''
INTLOBJS=''
LDFLAGS=''
LEX='flex'
LEXLIB='-lfl'
LEX_OUTPUT_ROOT='lex.yy'
LIBM=''
LIBOBJS=''
LIBS=''
LIBTOOL='$(SHELL) $(top_builddir)/libtool'
LN_S='ln -s'
LTLIBOBJS=''
MAINT='#'
MAINTAINER_MODE_FALSE=''
MAINTAINER_MODE_TRUE='#'
MAKEINFO='/toolchain/openrsdk/rsdk-1.3.6/binutils-2.16/missing makeinfo'
MKINSTALLDIRS='$(srcdir)/../../mkinstalldirs'
MSGFMT=''
OBJEXT='o'
OPCODES_LIB='../opcodes/libopcodes.la'
PACKAGE='gas'
PACKAGE_BUGREPORT=''
PACKAGE_NAME=''
PACKAGE_STRING=''
PACKAGE_TARNAME=''
PACKAGE_VERSION=''
PATH_SEPARATOR=':'
POFILES=' fr.po tr.po es.po'
POSUB=''
RANLIB='ranlib'
SET_MAKE=''
SHELL='/bin/sh'
STRIP='strip'
USE_INCLUDED_LIBINTL='no'
USE_NLS='no'
VERSION='2.16-0.3.0'
WARN_CFLAGS='-W -Wall -Wstrict-prototypes -Wmissing-prototypes'
XGETTEXT=''
YACC='bison -y'
ac_ct_CC=''
ac_ct_RANLIB=''
ac_ct_STRIP='strip'
am__fastdepCC_FALSE=''
am__fastdepCC_TRUE='#'
am__include='include'
am__leading_dot='.'
am__quote=''
am__tar='${AMTAR} chof - "$$tardir"'
am__untar='${AMTAR} xf -'
atof='ieee'
bindir='${exec_prefix}/bin'
build='i386-pc-linux-gnu'
build_alias='i386-pc-linux'
build_cpu='i386'
build_os='linux-gnu'
build_vendor='pc'
cgen_cpu_prefix=''
datadir='${prefix}/share'
exec_prefix='${prefix}'
extra_objects=' itbl-parse.o itbl-lex.o itbl-ops.o  e-mipself.o'
host='i386-pc-linux-gnu'
host_alias='i386-pc-linux'
host_cpu='i386'
host_os='linux-gnu'
host_vendor='pc'
includedir='${prefix}/include'
infodir='${prefix}/info'
install_sh='/toolchain/openrsdk/rsdk-1.3.6/binutils-2.16/install-sh'
install_tooldir='install-exec-tooldir'
l=''
libdir='${exec_prefix}/lib'
libexecdir='${exec_prefix}/libexec'
localstatedir='${prefix}/var'
mandir='${prefix}/man'
mkdir_p='mkdir -p --'
obj_format='elf'
oldincludedir='/usr/include'
prefix='/toolchain/openrsdk/rsdk-1.3.6/release/rsdk-1.3.6/linux/uclibc'
program_transform_name='s,^,mips-linux-,;'
sbindir='${exec_prefix}/sbin'
sharedstatedir='${prefix}/com'
sysconfdir='${prefix}/etc'
target='mips-unknown-linux-gnu'
target_alias='mips-linux'
target_cpu='mips'
target_cpu_type='mips'
target_os='linux-gnu'
target_vendor='unknown'
te_file='tmips'

## ----------- ##
## confdefs.h. ##
## ----------- ##

#define BFD_ASSEMBLER 1
#define CROSS_COMPILE 1
#define DEFAULT_EMULATION "mipsbelf"
#define EMULATIONS  &mipsbelf, &mipslelf, &mipself,
#define HAVE_ALLOCA 1
#define HAVE_ALLOCA 1
#define HAVE_ALLOCA_H 1
#define HAVE_ALLOCA_H 1
#define HAVE_ARGZ_H 1
#define HAVE_ERRNO_H 1
#define HAVE_GETCWD 1
#define HAVE_GETPAGESIZE 1
#define HAVE_INTTYPES_H 1
#define HAVE_LC_MESSAGES 1
#define HAVE_LIMITS_H 1
#define HAVE_LOCALE_H 1
#define HAVE_MALLOC_H 1
#define HAVE_MEMORY_H 1
#define HAVE_MEMORY_H 1
#define HAVE_MMAP 1
#define HAVE_MUNMAP 1
#define HAVE_NL_TYPES_H 1
#define HAVE_PUTENV 1
#define HAVE_SBRK 1
#define HAVE_SETENV 1
#define HAVE_SETLOCALE 1
#define HAVE_STDARG_H 1
#define HAVE_STDINT_H 1
#define HAVE_STDLIB_H 1
#define HAVE_STDLIB_H 1
#define HAVE_STDLIB_H 1
#define HAVE_STPCPY 1
#define HAVE_STPCPY 1
#define HAVE_STRCASECMP 1
#define HAVE_STRCHR 1
#define HAVE_STRINGS_H 1
#define HAVE_STRINGS_H 1
#define HAVE_STRING_H 1
#define HAVE_STRING_H 1
#define HAVE_STRING_H 1
#define HAVE_SYS_PARAM_H 1
#define HAVE_SYS_STAT_H 1
#define HAVE_SYS_TYPES_H 1
#define HAVE_SYS_TYPES_H 1
#define HAVE_UNISTD_H 1
#define HAVE_UNISTD_H 1
#define HAVE_UNISTD_H 1
#define HAVE_UNISTD_H 1
#define HAVE_UNLINK 1
#define HAVE_VALUES_H 1
#define HAVE___ARGZ_COUNT 1
#define HAVE___ARGZ_NEXT 1
#define HAVE___ARGZ_STRINGIFY 1
#define MIPS_CPU_STRING_DEFAULT "from-abi"
#define MIPS_DEFAULT_64BIT 0
#define MIPS_DEFAULT_ABI O32_ABI
#define NEED_DECLARATION_ENVIRON 1
#define PACKAGE "gas"
#define PACKAGE_BUGREPORT ""
#define PACKAGE_NAME ""
#define PACKAGE_STRING ""
#define PACKAGE_TARNAME ""
#define PACKAGE_VERSION ""
#define STDC_HEADERS 1
#define TARGET_ALIAS "mips-linux"
#define TARGET_BYTES_BIG_ENDIAN 1
#define TARGET_CANONICAL "mips-unknown-linux-gnu"
#define TARGET_CPU "mips"
#define TARGET_OS "linux-gnu"
#define TARGET_VENDOR "unknown"
#define USE_EMULATIONS 1
#define USE_E_MIPS_ABI_O32 1
#define VERSION "2.16-0.3.0"
#define YYTEXT_POINTER 1

configure: exit 0
